TN:
SF:C:\xampp\htdocs\gutenberg\wordpress\wp-content\plugins\ResponsiveBlockEditorAddons\src\block-frontend.js
FN:19,(anonymous_0)
FNF:1
FNH:0
FNDA:0,(anonymous_0)
DA:12,0
DA:19,0
LF:2
LH:0
BRF:0
BRH:0
end_of_record
TN:
SF:C:\xampp\htdocs\gutenberg\wordpress\wp-content\plugins\ResponsiveBlockEditorAddons\src\block-icons.js
FNF:0
FNH:0
DA:8,1
DA:10,1
LF:2
LH:2
BRF:0
BRH:0
end_of_record
TN:
SF:C:\xampp\htdocs\gutenberg\wordpress\wp-content\plugins\ResponsiveBlockEditorAddons\src\blocks.js
FNF:0
FNH:0
LF:0
LH:0
BRF:0
BRH:0
end_of_record
TN:
SF:C:\xampp\htdocs\gutenberg\wordpress\wp-content\plugins\ResponsiveBlockEditorAddons\src\generateBackgroundImageEffect.js
FN:1,generateBackgroundImageEffect
FNF:1
FNH:0
FNDA:0,generateBackgroundImageEffect
DA:9,0
DA:21,0
LF:2
LH:0
BRF:0
BRH:0
end_of_record
TN:
SF:C:\xampp\htdocs\gutenberg\wordpress\wp-content\plugins\ResponsiveBlockEditorAddons\src\generateCSS.js
FN:1,generateCSS
FNF:1
FNH:0
FNDA:0,generateCSS
DA:2,0
DA:3,0
DA:4,0
DA:5,0
DA:7,0
DA:8,0
DA:9,0
DA:10,0
DA:13,0
DA:14,0
DA:15,0
DA:17,0
DA:18,0
DA:20,0
DA:21,0
DA:24,0
DA:29,0
DA:32,0
DA:33,0
DA:34,0
DA:36,0
DA:41,0
DA:42,0
DA:43,0
DA:44,0
DA:45,0
DA:49,0
DA:54,0
DA:56,0
DA:57,0
DA:60,0
DA:61,0
DA:63,0
LF:33
LH:0
BRDA:1,0,0,0
BRDA:1,1,0,0
BRDA:7,2,0,0
BRDA:7,2,1,0
BRDA:9,3,0,0
BRDA:9,3,1,0
BRDA:20,4,0,0
BRDA:20,4,1,0
BRDA:20,5,0,0
BRDA:20,5,1,0
BRDA:24,6,0,0
BRDA:24,6,1,0
BRDA:25,7,0,0
BRDA:25,7,1,0
BRDA:25,7,2,0
BRDA:32,8,0,0
BRDA:32,8,1,0
BRDA:32,9,0,0
BRDA:32,9,1,0
BRDA:33,10,0,0
BRDA:33,10,1,0
BRDA:41,11,0,0
BRDA:41,11,1,0
BRDA:49,12,0,0
BRDA:49,12,1,0
BRDA:50,13,0,0
BRDA:50,13,1,0
BRDA:50,13,2,0
BRDA:60,14,0,0
BRDA:60,14,1,0
BRF:30
BRH:0
end_of_record
TN:
SF:C:\xampp\htdocs\gutenberg\wordpress\wp-content\plugins\ResponsiveBlockEditorAddons\src\generateCSSUnit.js
FN:1,generateCSSUnit
FNF:1
FNH:0
FNDA:0,generateCSSUnit
DA:2,0
DA:4,0
DA:5,0
DA:8,0
LF:4
LH:0
BRDA:4,0,0,0
BRDA:4,0,1,0
BRF:2
BRH:0
end_of_record
TN:
SF:C:\xampp\htdocs\gutenberg\wordpress\wp-content\plugins\ResponsiveBlockEditorAddons\src\parseIcon.js
FN:1,parseSVG
FNF:1
FNH:0
FNDA:0,parseSVG
DA:2,0
DA:3,0
DA:4,0
DA:5,0
DA:6,0
DA:8,0
LF:6
LH:0
BRF:0
BRH:0
end_of_record
TN:
SF:C:\xampp\htdocs\gutenberg\wordpress\wp-content\plugins\ResponsiveBlockEditorAddons\src\polyfill.js
FNF:0
FNH:0
DA:6,0
DA:7,0
LF:2
LH:0
BRDA:6,0,0,0
BRDA:6,0,1,0
BRDA:6,1,0,0
BRDA:6,1,1,0
BRF:4
BRH:0
end_of_record
TN:
SF:C:\xampp\htdocs\gutenberg\wordpress\wp-content\plugins\ResponsiveBlockEditorAddons\src\renderIcon.js
FN:10,renderSVG
FNF:1
FNH:0
FNDA:0,renderSVG
DA:11,0
DA:13,0
DA:15,0
DA:16,0
DA:19,0
DA:22,0
DA:24,0
LF:7
LH:0
BRDA:15,0,0,0
BRDA:15,0,1,0
BRDA:16,1,0,0
BRDA:16,1,1,0
BRDA:19,2,0,0
BRDA:19,2,1,0
BRF:6
BRH:0
end_of_record
TN:
SF:C:\xampp\htdocs\gutenberg\wordpress\wp-content\plugins\ResponsiveBlockEditorAddons\src\blocks\accordion\accordion.js
FN:1,slideUp
FN:13,(anonymous_1)
FN:26,slideDown
FN:49,(anonymous_3)
FN:57,slideToggle
FN:65,setupAccordion
FN:168,(anonymous_6)
FN:180,(anonymous_7)
FN:183,(anonymous_8)
FN:190,accordionClick
FNF:10
FNH:0
FNDA:0,slideUp
FNDA:0,(anonymous_1)
FNDA:0,slideDown
FNDA:0,(anonymous_3)
FNDA:0,slideToggle
FNDA:0,setupAccordion
FNDA:0,(anonymous_6)
FNDA:0,(anonymous_7)
FNDA:0,(anonymous_8)
FNDA:0,accordionClick
DA:2,0
DA:3,0
DA:4,0
DA:5,0
DA:6,0
DA:7,0
DA:8,0
DA:9,0
DA:10,0
DA:11,0
DA:12,0
DA:13,0
DA:14,0
DA:15,0
DA:16,0
DA:17,0
DA:18,0
DA:19,0
DA:20,0
DA:21,0
DA:22,0
DA:27,0
DA:28,0
DA:30,0
DA:32,0
DA:33,0
DA:34,0
DA:35,0
DA:36,0
DA:37,0
DA:38,0
DA:39,0
DA:40,0
DA:41,0
DA:42,0
DA:43,0
DA:44,0
DA:45,0
DA:46,0
DA:47,0
DA:48,0
DA:49,0
DA:50,0
DA:51,0
DA:52,0
DA:53,0
DA:58,0
DA:59,0
DA:61,0
DA:66,0
DA:67,0
DA:68,0
DA:71,0
DA:75,0
DA:76,0
DA:77,0
DA:82,0
DA:87,0
DA:94,0
DA:95,0
DA:101,0
DA:111,0
DA:119,0
DA:132,0
DA:133,0
DA:139,0
DA:143,0
DA:144,0
DA:151,0
DA:156,0
DA:168,0
DA:169,0
DA:171,0
DA:174,0
DA:175,0
DA:179,0
DA:180,0
DA:181,0
DA:183,0
DA:184,0
DA:191,0
DA:193,0
DA:198,0
DA:201,0
DA:202,0
DA:210,0
DA:211,0
DA:212,0
DA:217,0
DA:219,0
DA:222,0
DA:223,0
DA:229,0
DA:230,0
DA:231,0
DA:235,0
DA:236,0
DA:237,0
DA:239,0
DA:242,0
DA:243,0
LF:101
LH:0
BRDA:30,0,0,0
BRDA:30,0,1,0
BRDA:58,1,0,0
BRDA:58,1,1,0
BRDA:75,2,0,0
BRDA:75,2,1,0
BRDA:95,3,0,0
BRDA:95,3,1,0
BRDA:133,4,0,0
BRDA:133,4,1,0
BRDA:193,5,0,0
BRDA:193,5,1,0
BRDA:212,6,0,0
BRDA:212,6,1,0
BRDA:229,7,0,0
BRDA:229,7,1,0
BRDA:236,8,0,0
BRDA:236,8,1,0
BRF:18
BRH:0
end_of_record
TN:
SF:C:\xampp\htdocs\gutenberg\wordpress\wp-content\plugins\ResponsiveBlockEditorAddons\src\blocks\accordion\attributes.js
FNF:0
FNH:0
DA:1,0
LF:1
LH:0
BRF:0
BRH:0
end_of_record
TN:
SF:C:\xampp\htdocs\gutenberg\wordpress\wp-content\plugins\ResponsiveBlockEditorAddons\src\blocks\accordion\index.js
FN:35,(anonymous_0)
FN:47,(anonymous_1)
FN:48,(anonymous_2)
FNF:3
FNH:0
FNDA:0,(anonymous_0)
FNDA:0,(anonymous_1)
FNDA:0,(anonymous_2)
DA:18,0
DA:19,0
DA:21,0
DA:22,0
DA:23,0
DA:25,0
DA:34,0
DA:36,0
DA:47,0
DA:48,0
DA:49,0
DA:57,0
LF:12
LH:0
BRF:0
BRH:0
end_of_record
TN:
SF:C:\xampp\htdocs\gutenberg\wordpress\wp-content\plugins\ResponsiveBlockEditorAddons\src\blocks\accordion\accordion-item\attributes.js
FNF:0
FNH:0
DA:1,0
DA:3,0
LF:2
LH:0
BRF:0
BRH:0
end_of_record
TN:
SF:C:\xampp\htdocs\gutenberg\wordpress\wp-content\plugins\ResponsiveBlockEditorAddons\src\blocks\accordion\accordion-item\index.js
FNF:0
FNH:0
DA:18,0
DA:20,0
DA:22,0
LF:3
LH:0
BRF:0
BRH:0
end_of_record
TN:
SF:C:\xampp\htdocs\gutenberg\wordpress\wp-content\plugins\ResponsiveBlockEditorAddons\src\blocks\accordion\accordion-item\components\edit.js
FN:39,(anonymous_0)
FN:46,(anonymous_1)
FN:60,(anonymous_2)
FN:85,(anonymous_3)
FN:118,(anonymous_4)
FN:130,(anonymous_5)
FN:217,(anonymous_6)
FN:230,(anonymous_7)
FN:246,(anonymous_8)
FNF:9
FNH:0
FNDA:0,(anonymous_0)
FNDA:0,(anonymous_1)
FNDA:0,(anonymous_2)
FNDA:0,(anonymous_3)
FNDA:0,(anonymous_4)
FNDA:0,(anonymous_5)
FNDA:0,(anonymous_6)
FNDA:0,(anonymous_7)
FNDA:0,(anonymous_8)
DA:14,0
DA:16,0
DA:24,0
DA:36,0
DA:40,0
DA:41,0
DA:48,0
DA:49,0
DA:52,0
DA:53,0
DA:58,0
DA:61,0
DA:66,0
DA:70,0
DA:71,0
DA:76,0
DA:81,0
DA:82,0
DA:86,0
DA:110,0
DA:112,0
DA:114,0
DA:115,0
DA:118,0
DA:119,0
DA:130,0
DA:131,0
DA:217,0
DA:218,0
DA:230,0
DA:246,0
DA:261,0
LF:32
LH:0
BRDA:61,0,0,0
BRDA:61,0,1,0
BRDA:62,1,0,0
BRDA:62,1,1,0
BRDA:62,1,2,0
BRDA:70,2,0,0
BRDA:70,2,1,0
BRDA:70,3,0,0
BRDA:70,3,1,0
BRDA:81,4,0,0
BRDA:81,4,1,0
BRDA:81,5,0,0
BRDA:81,5,1,0
BRDA:114,6,0,0
BRDA:114,6,1,0
BRDA:225,7,0,0
BRDA:225,7,1,0
BRDA:227,8,0,0
BRDA:227,8,1,0
BRDA:268,9,0,0
BRDA:268,9,1,0
BRDA:268,10,0,0
BRDA:268,10,1,0
BRF:23
BRH:0
end_of_record
TN:
SF:C:\xampp\htdocs\gutenberg\wordpress\wp-content\plugins\ResponsiveBlockEditorAddons\src\blocks\accordion\accordion-item\components\editor-styles.js
FN:9,EditorStyles
FNF:1
FNH:0
FNDA:0,EditorStyles
DA:37,0
DA:39,0
DA:40,0
DA:41,0
DA:43,0
DA:45,0
DA:46,0
DA:48,0
DA:91,0
DA:100,0
DA:109,0
DA:110,0
DA:112,0
DA:114,0
DA:116,0
DA:118,0
LF:16
LH:0
BRDA:45,0,0,0
BRDA:45,0,1,0
BRDA:62,1,0,0
BRDA:62,1,1,0
BRDA:62,2,0,0
BRDA:62,2,1,0
BRDA:63,3,0,0
BRDA:63,3,1,0
BRDA:63,4,0,0
BRDA:63,4,1,0
BRDA:64,5,0,0
BRDA:64,5,1,0
BRDA:64,6,0,0
BRDA:64,6,1,0
BRDA:65,7,0,0
BRDA:65,7,1,0
BRDA:65,8,0,0
BRDA:65,8,1,0
BRDA:70,9,0,0
BRDA:70,9,1,0
BRF:20
BRH:0
end_of_record
TN:
SF:C:\xampp\htdocs\gutenberg\wordpress\wp-content\plugins\ResponsiveBlockEditorAddons\src\blocks\accordion\accordion-item\components\save.js
FN:13,save
FN:26,(anonymous_1)
FN:38,(anonymous_2)
FNF:3
FNH:0
FNDA:0,save
FNDA:0,(anonymous_1)
FNDA:0,(anonymous_2)
DA:9,0
DA:11,0
DA:14,0
DA:24,0
DA:26,0
DA:27,0
DA:38,0
DA:39,0
DA:62,0
LF:9
LH:0
BRDA:46,0,0,0
BRDA:46,0,1,0
BRF:2
BRH:0
end_of_record
TN:
SF:C:\xampp\htdocs\gutenberg\wordpress\wp-content\plugins\ResponsiveBlockEditorAddons\src\blocks\accordion\components\edit.js
FN:51,(anonymous_0)
FN:59,(anonymous_1)
FN:120,(anonymous_2)
FN:138,(anonymous_3)
FN:143,(anonymous_4)
FN:149,(anonymous_5)
FN:155,(anonymous_6)
FN:161,(anonymous_7)
FN:167,(anonymous_8)
FN:173,(anonymous_9)
FN:179,(anonymous_10)
FN:186,(anonymous_11)
FN:287,(anonymous_12)
FN:288,(anonymous_13)
FN:298,(anonymous_14)
FN:312,(anonymous_15)
FN:319,(anonymous_16)
FN:327,(anonymous_17)
FN:340,(anonymous_18)
FN:352,(anonymous_19)
FN:360,(anonymous_20)
FN:368,(anonymous_21)
FN:379,(anonymous_22)
FN:392,(anonymous_23)
FN:397,(anonymous_24)
FN:403,(anonymous_25)
FN:412,(anonymous_26)
FN:424,(anonymous_27)
FN:444,(anonymous_28)
FN:455,(anonymous_29)
FN:470,(anonymous_30)
FN:486,(anonymous_31)
FN:491,(anonymous_32)
FN:500,(anonymous_33)
FN:520,(anonymous_34)
FN:528,(anonymous_35)
FN:543,(anonymous_36)
FN:556,(anonymous_37)
FN:584,(anonymous_38)
FN:610,(anonymous_39)
FN:633,(anonymous_40)
FN:643,(anonymous_41)
FN:653,(anonymous_42)
FN:662,(anonymous_43)
FN:670,(anonymous_44)
FN:702,(anonymous_45)
FN:718,(anonymous_46)
FN:730,(anonymous_47)
FN:738,(anonymous_48)
FN:760,(anonymous_49)
FN:772,(anonymous_50)
FN:780,(anonymous_51)
FN:802,(anonymous_52)
FN:814,(anonymous_53)
FN:822,(anonymous_54)
FN:847,(anonymous_55)
FN:861,(anonymous_56)
FN:911,(anonymous_57)
FN:922,(anonymous_58)
FNF:59
FNH:0
FNDA:0,(anonymous_0)
FNDA:0,(anonymous_1)
FNDA:0,(anonymous_2)
FNDA:0,(anonymous_3)
FNDA:0,(anonymous_4)
FNDA:0,(anonymous_5)
FNDA:0,(anonymous_6)
FNDA:0,(anonymous_7)
FNDA:0,(anonymous_8)
FNDA:0,(anonymous_9)
FNDA:0,(anonymous_10)
FNDA:0,(anonymous_11)
FNDA:0,(anonymous_12)
FNDA:0,(anonymous_13)
FNDA:0,(anonymous_14)
FNDA:0,(anonymous_15)
FNDA:0,(anonymous_16)
FNDA:0,(anonymous_17)
FNDA:0,(anonymous_18)
FNDA:0,(anonymous_19)
FNDA:0,(anonymous_20)
FNDA:0,(anonymous_21)
FNDA:0,(anonymous_22)
FNDA:0,(anonymous_23)
FNDA:0,(anonymous_24)
FNDA:0,(anonymous_25)
FNDA:0,(anonymous_26)
FNDA:0,(anonymous_27)
FNDA:0,(anonymous_28)
FNDA:0,(anonymous_29)
FNDA:0,(anonymous_30)
FNDA:0,(anonymous_31)
FNDA:0,(anonymous_32)
FNDA:0,(anonymous_33)
FNDA:0,(anonymous_34)
FNDA:0,(anonymous_35)
FNDA:0,(anonymous_36)
FNDA:0,(anonymous_37)
FNDA:0,(anonymous_38)
FNDA:0,(anonymous_39)
FNDA:0,(anonymous_40)
FNDA:0,(anonymous_41)
FNDA:0,(anonymous_42)
FNDA:0,(anonymous_43)
FNDA:0,(anonymous_44)
FNDA:0,(anonymous_45)
FNDA:0,(anonymous_46)
FNDA:0,(anonymous_47)
FNDA:0,(anonymous_48)
FNDA:0,(anonymous_49)
FNDA:0,(anonymous_50)
FNDA:0,(anonymous_51)
FNDA:0,(anonymous_52)
FNDA:0,(anonymous_53)
FNDA:0,(anonymous_54)
FNDA:0,(anonymous_55)
FNDA:0,(anonymous_56)
FNDA:0,(anonymous_57)
FNDA:0,(anonymous_58)
DA:21,0
DA:22,0
DA:23,0
DA:24,0
DA:31,0
DA:43,0
DA:45,0
DA:47,0
DA:49,0
DA:52,0
DA:53,0
DA:54,0
DA:55,0
DA:56,0
DA:60,0
DA:75,0
DA:78,0
DA:80,0
DA:82,0
DA:83,0
DA:88,0
DA:90,0
DA:91,0
DA:98,0
DA:99,0
DA:101,0
DA:102,0
DA:105,0
DA:106,0
DA:108,0
DA:109,0
DA:112,0
DA:113,0
DA:115,0
DA:116,0
DA:121,0
DA:125,0
DA:129,0
DA:134,0
DA:135,0
DA:139,0
DA:140,0
DA:143,0
DA:144,0
DA:147,0
DA:150,0
DA:151,0
DA:155,0
DA:156,0
DA:159,0
DA:162,0
DA:163,0
DA:167,0
DA:168,0
DA:171,0
DA:174,0
DA:175,0
DA:179,0
DA:180,0
DA:183,0
DA:187,0
DA:243,0
DA:245,0
DA:287,0
DA:288,0
DA:294,0
DA:298,0
DA:299,0
DA:312,0
DA:320,0
DA:328,0
DA:340,0
DA:352,0
DA:360,0
DA:368,0
DA:379,0
DA:380,0
DA:392,0
DA:398,0
DA:404,0
DA:413,0
DA:425,0
DA:445,0
DA:456,0
DA:471,0
DA:486,0
DA:492,0
DA:501,0
DA:521,0
DA:529,0
DA:544,0
DA:556,0
DA:557,0
DA:584,0
DA:585,0
DA:611,0
DA:633,0
DA:634,0
DA:643,0
DA:653,0
DA:662,0
DA:670,0
DA:705,0
DA:706,0
DA:719,0
DA:730,0
DA:739,0
DA:747,0
DA:748,0
DA:761,0
DA:772,0
DA:781,0
DA:790,0
DA:803,0
DA:814,0
DA:823,0
DA:833,0
DA:847,0
DA:861,0
DA:869,0
DA:912,0
DA:913,0
DA:918,0
DA:922,0
DA:923,0
DA:931,0
DA:934,0
LF:127
LH:0
BRDA:98,0,0,0
BRDA:98,0,1,0
BRDA:98,1,0,0
BRDA:98,1,1,0
BRDA:101,2,0,0
BRDA:101,2,1,0
BRDA:101,3,0,0
BRDA:101,3,1,0
BRDA:105,4,0,0
BRDA:105,4,1,0
BRDA:105,5,0,0
BRDA:105,5,1,0
BRDA:108,6,0,0
BRDA:108,6,1,0
BRDA:108,7,0,0
BRDA:108,7,1,0
BRDA:112,8,0,0
BRDA:112,8,1,0
BRDA:112,9,0,0
BRDA:112,9,1,0
BRDA:115,10,0,0
BRDA:115,10,1,0
BRDA:115,11,0,0
BRDA:115,11,1,0
BRDA:121,12,0,0
BRDA:121,12,1,0
BRDA:134,13,0,0
BRDA:134,13,1,0
BRDA:134,14,0,0
BRDA:134,14,1,0
BRDA:294,15,0,0
BRDA:294,15,1,0
BRDA:314,16,0,0
BRDA:314,16,1,0
BRDA:323,17,0,0
BRDA:323,17,1,0
BRDA:336,18,0,0
BRDA:336,18,1,0
BRDA:345,19,0,0
BRDA:345,19,1,0
BRDA:374,20,0,0
BRDA:374,20,1,0
BRDA:430,21,0,0
BRDA:430,21,1,0
BRDA:451,22,0,0
BRDA:451,22,1,0
BRDA:457,23,0,0
BRDA:457,23,1,0
BRDA:473,24,0,0
BRDA:473,24,1,0
BRDA:506,25,0,0
BRDA:506,25,1,0
BRDA:530,26,0,0
BRDA:530,26,1,0
BRDA:546,27,0,0
BRDA:546,27,1,0
BRDA:598,28,0,0
BRDA:598,28,1,0
BRDA:674,29,0,0
BRDA:674,29,1,0
BRDA:705,30,0,0
BRDA:705,30,1,0
BRDA:747,31,0,0
BRDA:747,31,1,0
BRDA:880,32,0,0
BRDA:880,32,1,0
BRDA:881,33,0,0
BRDA:881,33,1,0
BRF:68
BRH:0
end_of_record
TN:
SF:C:\xampp\htdocs\gutenberg\wordpress\wp-content\plugins\ResponsiveBlockEditorAddons\src\blocks\accordion\components\editor-styles.js
FN:9,EditorStyles
FNF:1
FNH:0
FNDA:0,EditorStyles
DA:82,0
DA:84,0
DA:85,0
DA:86,0
DA:87,0
DA:88,0
DA:90,0
DA:91,0
DA:93,0
DA:94,0
DA:97,0
DA:98,0
DA:100,0
DA:105,0
DA:106,0
DA:118,0
DA:123,0
DA:137,0
DA:230,0
DA:298,0
DA:366,0
DA:367,0
DA:373,0
DA:374,0
DA:385,0
DA:386,0
DA:391,0
DA:403,0
DA:404,0
DA:409,0
DA:416,0
DA:417,0
DA:419,0
DA:421,0
DA:423,0
DA:425,0
LF:36
LH:0
BRDA:90,0,0,0
BRDA:90,0,1,0
BRDA:90,1,0,0
BRDA:90,1,1,0
BRDA:93,2,0,0
BRDA:93,2,1,0
BRDA:93,3,0,0
BRDA:93,3,1,0
BRDA:100,4,0,0
BRDA:100,4,1,0
BRDA:105,5,0,0
BRDA:105,5,1,0
BRDA:110,6,0,0
BRDA:110,6,1,0
BRDA:110,7,0,0
BRDA:110,7,1,0
BRDA:113,8,0,0
BRDA:113,8,1,0
BRDA:114,9,0,0
BRDA:114,9,1,0
BRDA:118,10,0,0
BRDA:118,10,1,0
BRDA:127,11,0,0
BRDA:127,11,1,0
BRDA:128,12,0,0
BRDA:128,12,1,0
BRDA:132,13,0,0
BRDA:132,13,1,0
BRDA:133,14,0,0
BRDA:133,14,1,0
BRDA:205,15,0,0
BRDA:205,15,1,0
BRDA:205,16,0,0
BRDA:205,16,1,0
BRDA:366,17,0,0
BRDA:366,17,1,0
BRDA:366,18,0,0
BRDA:366,18,1,0
BRDA:373,19,0,0
BRDA:373,19,1,0
BRDA:373,20,0,0
BRDA:373,20,1,0
BRDA:385,21,0,0
BRDA:385,21,1,0
BRDA:385,22,0,0
BRDA:385,22,1,0
BRDA:403,23,0,0
BRDA:403,23,1,0
BRF:48
BRH:0
end_of_record
TN:
SF:C:\xampp\htdocs\gutenberg\wordpress\wp-content\plugins\ResponsiveBlockEditorAddons\src\blocks\accordion\components\icon.js
FNF:0
FNH:0
LF:0
LH:0
BRF:0
BRH:0
end_of_record
TN:
SF:C:\xampp\htdocs\gutenberg\wordpress\wp-content\plugins\ResponsiveBlockEditorAddons\src\blocks\accordion\components\save.js
FN:9,save
FNF:1
FNH:0
FNDA:0,save
DA:7,0
DA:10,0
DA:11,0
DA:13,0
DA:17,0
LF:5
LH:0
BRDA:13,0,0,0
BRDA:13,0,1,0
BRF:2
BRH:0
end_of_record
TN:
SF:C:\xampp\htdocs\gutenberg\wordpress\wp-content\plugins\ResponsiveBlockEditorAddons\src\blocks\advance-columns\index.js
FN:268,(anonymous_0)
FN:273,(anonymous_1)
FNF:2
FNH:0
FNDA:0,(anonymous_0)
FNDA:0,(anonymous_1)
DA:17,0
DA:20,0
DA:23,0
DA:269,0
DA:274,0
LF:5
LH:0
BRF:0
BRH:0
end_of_record
TN:
SF:C:\xampp\htdocs\gutenberg\wordpress\wp-content\plugins\ResponsiveBlockEditorAddons\src\blocks\advance-columns\column\index.js
FN:284,(anonymous_0)
FN:289,(anonymous_1)
FNF:2
FNH:0
FNDA:0,(anonymous_0)
FNDA:0,(anonymous_1)
DA:17,0
DA:20,0
DA:23,0
DA:285,0
DA:290,0
LF:5
LH:0
BRF:0
BRH:0
end_of_record
TN:
SF:C:\xampp\htdocs\gutenberg\wordpress\wp-content\plugins\ResponsiveBlockEditorAddons\src\blocks\advance-columns\column\components\edit.js
FN:20,(anonymous_0)
FN:23,(anonymous_1)
FN:34,(anonymous_2)
FN:49,(anonymous_3)
FNF:4
FNH:0
FNDA:0,(anonymous_0)
FNDA:0,(anonymous_1)
FNDA:0,(anonymous_2)
FNDA:0,(anonymous_3)
DA:15,0
DA:16,0
DA:17,0
DA:21,0
DA:24,0
DA:29,0
DA:30,0
DA:36,0
DA:37,0
DA:40,0
DA:41,0
DA:46,0
DA:54,0
DA:55,0
DA:57,0
LF:15
LH:0
BRDA:29,0,0,0
BRDA:29,0,1,0
BRDA:29,1,0,0
BRDA:29,1,1,0
BRF:4
BRH:0
end_of_record
TN:
SF:C:\xampp\htdocs\gutenberg\wordpress\wp-content\plugins\ResponsiveBlockEditorAddons\src\blocks\advance-columns\column\components\editor-styles.js
FN:10,EditorStyles
FNF:1
FNH:0
FNDA:0,EditorStyles
DA:83,0
DA:85,0
DA:87,0
DA:88,0
DA:90,0
DA:92,0
DA:93,0
DA:95,0
DA:97,0
DA:98,0
DA:99,0
DA:107,0
DA:108,0
DA:109,0
DA:117,0
DA:118,0
DA:126,0
DA:135,0
DA:210,0
DA:223,0
DA:236,0
DA:237,0
DA:239,0
DA:240,0
DA:241,0
DA:243,0
LF:26
LH:0
BRDA:87,0,0,0
BRDA:87,0,1,0
BRDA:92,1,0,0
BRDA:92,1,1,0
BRDA:98,2,0,0
BRDA:98,2,1,0
BRDA:100,3,0,0
BRDA:100,3,1,0
BRDA:100,4,0,0
BRDA:100,4,1,0
BRDA:101,5,0,0
BRDA:101,5,1,0
BRDA:101,6,0,0
BRDA:101,6,1,0
BRDA:107,7,0,0
BRDA:107,7,1,0
BRDA:108,8,0,0
BRDA:108,8,1,0
BRDA:108,9,0,0
BRDA:108,9,1,0
BRDA:111,10,0,0
BRDA:111,10,1,0
BRDA:111,11,0,0
BRDA:111,11,1,0
BRDA:112,12,0,0
BRDA:112,12,1,0
BRDA:112,13,0,0
BRDA:112,13,1,0
BRDA:117,14,0,0
BRDA:117,14,1,0
BRDA:117,15,0,0
BRDA:117,15,1,0
BRDA:119,16,0,0
BRDA:119,16,1,0
BRDA:120,17,0,0
BRDA:120,17,1,0
BRDA:122,18,0,0
BRDA:122,18,1,0
BRDA:123,19,0,0
BRDA:123,19,1,0
BRDA:127,20,0,0
BRDA:127,20,1,0
BRDA:128,21,0,0
BRDA:128,21,1,0
BRDA:130,22,0,0
BRDA:130,22,1,0
BRDA:131,23,0,0
BRDA:131,23,1,0
BRDA:141,24,0,0
BRDA:141,24,1,0
BRDA:144,25,0,0
BRDA:144,25,1,0
BRDA:145,26,0,0
BRDA:145,26,1,0
BRDA:148,27,0,0
BRDA:148,27,1,0
BRDA:149,28,0,0
BRDA:149,28,1,0
BRDA:169,29,0,0
BRDA:169,29,1,0
BRDA:170,30,0,0
BRDA:170,30,1,0
BRDA:170,31,0,0
BRDA:170,31,1,0
BRDA:187,32,0,0
BRDA:187,32,1,0
BRDA:188,33,0,0
BRDA:188,33,1,0
BRDA:188,34,0,0
BRDA:188,34,1,0
BRF:70
BRH:0
end_of_record
TN:
SF:C:\xampp\htdocs\gutenberg\wordpress\wp-content\plugins\ResponsiveBlockEditorAddons\src\blocks\advance-columns\column\components\inspector.js
FN:39,(anonymous_0)
FN:47,(anonymous_1)
FN:56,(anonymous_2)
FN:71,(anonymous_3)
FN:176,(anonymous_4)
FN:189,(anonymous_5)
FN:209,(anonymous_6)
FN:227,(anonymous_7)
FN:262,(anonymous_8)
FNF:9
FNH:0
FNDA:0,(anonymous_0)
FNDA:0,(anonymous_1)
FNDA:0,(anonymous_2)
FNDA:0,(anonymous_3)
FNDA:0,(anonymous_4)
FNDA:0,(anonymous_5)
FNDA:0,(anonymous_6)
FNDA:0,(anonymous_7)
FNDA:0,(anonymous_8)
DA:16,0
DA:17,0
DA:18,0
DA:21,0
DA:33,0
DA:40,0
DA:41,0
DA:42,0
DA:48,0
DA:50,0
DA:57,0
DA:58,0
DA:60,0
DA:61,0
DA:62,0
DA:65,0
DA:66,0
DA:69,0
DA:151,0
DA:154,0
DA:163,0
DA:177,0
DA:189,0
DA:211,0
DA:212,0
DA:228,0
DA:235,0
DA:241,0
DA:263,0
LF:29
LH:0
BRDA:60,0,0,0
BRDA:60,0,1,0
BRDA:60,1,0,0
BRDA:60,1,1,0
BRDA:65,2,0,0
BRDA:65,2,1,0
BRDA:65,3,0,0
BRDA:65,3,1,0
BRDA:177,4,0,0
BRDA:177,4,1,0
BRDA:192,5,0,0
BRDA:192,5,1,0
BRDA:211,6,0,0
BRDA:211,6,1,0
BRDA:245,7,0,0
BRDA:245,7,1,0
BRDA:251,8,0,0
BRDA:251,8,1,0
BRDA:263,9,0,0
BRDA:263,9,1,0
BRF:20
BRH:0
end_of_record
TN:
SF:C:\xampp\htdocs\gutenberg\wordpress\wp-content\plugins\ResponsiveBlockEditorAddons\src\blocks\advance-columns\column\components\save.js
FN:17,(anonymous_0)
FN:21,(anonymous_1)
FNF:2
FNH:0
FNDA:0,(anonymous_0)
FNDA:0,(anonymous_1)
DA:13,0
DA:14,0
DA:18,0
DA:26,0
DA:28,0
LF:5
LH:0
BRF:0
BRH:0
end_of_record
TN:
SF:C:\xampp\htdocs\gutenberg\wordpress\wp-content\plugins\ResponsiveBlockEditorAddons\src\blocks\advance-columns\components\edit.js
FN:17,(anonymous_0)
FN:18,(anonymous_1)
FN:25,(anonymous_2)
FN:29,(anonymous_3)
FN:40,(anonymous_4)
FN:55,(anonymous_5)
FN:78,(anonymous_6)
FNF:7
FNH:0
FNDA:0,(anonymous_0)
FNDA:0,(anonymous_1)
FNDA:0,(anonymous_2)
FNDA:0,(anonymous_3)
FNDA:0,(anonymous_4)
FNDA:0,(anonymous_5)
FNDA:0,(anonymous_6)
DA:12,0
DA:13,0
DA:14,0
DA:15,0
DA:17,0
DA:18,0
DA:26,0
DA:30,0
DA:35,0
DA:36,0
DA:42,0
DA:43,0
DA:46,0
DA:47,0
DA:52,0
DA:70,0
DA:72,0
DA:74,0
DA:78,0
LF:19
LH:0
BRDA:35,0,0,0
BRDA:35,0,1,0
BRDA:35,1,0,0
BRDA:35,1,1,0
BRDA:86,2,0,0
BRDA:86,2,1,0
BRF:6
BRH:0
end_of_record
TN:
SF:C:\xampp\htdocs\gutenberg\wordpress\wp-content\plugins\ResponsiveBlockEditorAddons\src\blocks\advance-columns\components\editor-styles.js
FN:10,EditorStyles
FNF:1
FNH:0
FNDA:0,EditorStyles
DA:76,0
DA:78,0
DA:80,0
DA:81,0
DA:83,0
DA:84,0
DA:86,0
DA:87,0
DA:88,0
DA:92,0
DA:93,0
DA:94,0
DA:95,0
DA:96,0
DA:99,0
DA:189,0
DA:200,0
DA:211,0
DA:212,0
DA:214,0
DA:215,0
DA:216,0
DA:218,0
LF:23
LH:0
BRDA:80,0,0,0
BRDA:80,0,1,0
BRDA:86,1,0,0
BRDA:86,1,1,0
BRDA:87,2,0,0
BRDA:87,2,1,0
BRDA:93,3,0,0
BRDA:93,3,1,0
BRDA:94,4,0,0
BRDA:94,4,1,0
BRDA:95,5,0,0
BRDA:95,5,1,0
BRDA:102,6,0,0
BRDA:102,6,1,0
BRDA:104,7,0,0
BRDA:104,7,1,0
BRDA:105,8,0,0
BRDA:105,8,1,0
BRDA:107,9,0,0
BRDA:107,9,1,0
BRDA:108,10,0,0
BRDA:108,10,1,0
BRDA:119,11,0,0
BRDA:119,11,1,0
BRDA:120,12,0,0
BRDA:120,12,1,0
BRDA:120,13,0,0
BRDA:120,13,1,0
BRDA:125,14,0,0
BRDA:125,14,1,0
BRDA:125,15,0,0
BRDA:125,15,1,0
BRDA:126,16,0,0
BRDA:126,16,1,0
BRDA:126,17,0,0
BRDA:126,17,1,0
BRDA:134,18,0,0
BRDA:134,18,1,0
BRDA:135,19,0,0
BRDA:135,19,1,0
BRDA:137,20,0,0
BRDA:137,20,1,0
BRDA:138,21,0,0
BRDA:138,21,1,0
BRDA:158,22,0,0
BRDA:158,22,1,0
BRDA:159,23,0,0
BRDA:159,23,1,0
BRDA:159,24,0,0
BRDA:159,24,1,0
BRDA:162,25,0,0
BRDA:162,25,1,0
BRDA:164,26,0,0
BRDA:164,26,1,0
BRDA:164,27,0,0
BRDA:164,27,1,0
BRDA:165,28,0,0
BRDA:165,28,1,0
BRDA:165,29,0,0
BRDA:165,29,1,0
BRF:60
BRH:0
end_of_record
TN:
SF:C:\xampp\htdocs\gutenberg\wordpress\wp-content\plugins\ResponsiveBlockEditorAddons\src\blocks\advance-columns\components\inspector.js
FN:39,(anonymous_0)
FN:47,(anonymous_1)
FN:56,(anonymous_2)
FN:72,(anonymous_3)
FN:164,(anonymous_4)
FN:173,(anonymous_5)
FN:228,(anonymous_6)
FN:237,(anonymous_7)
FN:269,(anonymous_8)
FN:281,(anonymous_9)
FN:291,(anonymous_10)
FN:304,(anonymous_11)
FN:318,(anonymous_12)
FN:329,(anonymous_13)
FN:339,(anonymous_14)
FN:353,(anonymous_15)
FN:365,(anonymous_16)
FN:394,(anonymous_17)
FNF:18
FNH:0
FNDA:0,(anonymous_0)
FNDA:0,(anonymous_1)
FNDA:0,(anonymous_2)
FNDA:0,(anonymous_3)
FNDA:0,(anonymous_4)
FNDA:0,(anonymous_5)
FNDA:0,(anonymous_6)
FNDA:0,(anonymous_7)
FNDA:0,(anonymous_8)
FNDA:0,(anonymous_9)
FNDA:0,(anonymous_10)
FNDA:0,(anonymous_11)
FNDA:0,(anonymous_12)
FNDA:0,(anonymous_13)
FNDA:0,(anonymous_14)
FNDA:0,(anonymous_15)
FNDA:0,(anonymous_16)
FNDA:0,(anonymous_17)
DA:16,0
DA:17,0
DA:18,0
DA:21,0
DA:33,0
DA:40,0
DA:41,0
DA:42,0
DA:48,0
DA:50,0
DA:57,0
DA:58,0
DA:60,0
DA:61,0
DA:62,0
DA:65,0
DA:66,0
DA:69,0
DA:139,0
DA:142,0
DA:151,0
DA:165,0
DA:173,0
DA:228,0
DA:237,0
DA:269,0
DA:281,0
DA:292,0
DA:304,0
DA:319,0
DA:329,0
DA:339,0
DA:354,0
DA:365,0
DA:395,0
LF:35
LH:0
BRDA:60,0,0,0
BRDA:60,0,1,0
BRDA:60,1,0,0
BRDA:60,1,1,0
BRDA:65,2,0,0
BRDA:65,2,1,0
BRDA:65,3,0,0
BRDA:65,3,1,0
BRDA:165,4,0,0
BRDA:165,4,1,0
BRDA:252,5,0,0
BRDA:252,5,1,0
BRDA:290,6,0,0
BRDA:290,6,1,0
BRDA:293,7,0,0
BRDA:293,7,1,0
BRDA:312,8,0,0
BRDA:312,8,1,0
BRDA:320,9,0,0
BRDA:320,9,1,0
BRDA:354,10,0,0
BRDA:354,10,1,0
BRDA:368,11,0,0
BRDA:368,11,1,0
BRDA:375,12,0,0
BRDA:375,12,1,0
BRDA:383,13,0,0
BRDA:383,13,1,0
BRDA:395,14,0,0
BRDA:395,14,1,0
BRF:30
BRH:0
end_of_record
TN:
SF:C:\xampp\htdocs\gutenberg\wordpress\wp-content\plugins\ResponsiveBlockEditorAddons\src\blocks\advance-columns\components\save.js
FN:13,(anonymous_0)
FN:17,(anonymous_1)
FNF:2
FNH:0
FNDA:0,(anonymous_0)
FNDA:0,(anonymous_1)
DA:9,0
DA:10,0
DA:14,0
DA:32,0
DA:34,0
LF:5
LH:0
BRDA:37,0,0,0
BRDA:37,0,1,0
BRF:2
BRH:0
end_of_record
TN:
SF:C:\xampp\htdocs\gutenberg\wordpress\wp-content\plugins\ResponsiveBlockEditorAddons\src\blocks\advanced-heading\attributes.js
FNF:0
FNH:0
DA:1,1
LF:1
LH:1
BRF:0
BRH:0
end_of_record
TN:
SF:C:\xampp\htdocs\gutenberg\wordpress\wp-content\plugins\ResponsiveBlockEditorAddons\src\blocks\advanced-heading\index.js
FN:47,(anonymous_0)
FN:52,(anonymous_1)
FN:79,(anonymous_2)
FN:84,(anonymous_3)
FNF:4
FNH:1
FNDA:0,(anonymous_0)
FNDA:1,(anonymous_1)
FNDA:0,(anonymous_2)
FNDA:0,(anonymous_3)
DA:26,1
DA:27,1
DA:48,0
DA:53,1
DA:58,1
DA:80,0
DA:85,0
LF:7
LH:4
BRF:0
BRH:0
end_of_record
TN:
SF:C:\xampp\htdocs\gutenberg\wordpress\wp-content\plugins\ResponsiveBlockEditorAddons\src\blocks\advanced-heading\components\deprecated.js
FN:10,(anonymous_0)
FN:69,(anonymous_1)
FNF:2
FNH:0
FNDA:0,(anonymous_0)
FNDA:0,(anonymous_1)
DA:4,0
DA:6,0
DA:25,0
DA:27,0
DA:28,0
DA:29,0
DA:36,0
DA:82,0
DA:84,0
DA:85,0
DA:86,0
DA:92,0
LF:12
LH:0
BRDA:28,0,0,0
BRDA:28,0,1,0
BRDA:43,1,0,0
BRDA:43,1,1,0
BRDA:51,2,0,0
BRDA:51,2,1,0
BRDA:51,2,2,0
BRDA:54,3,0,0
BRDA:54,3,1,0
BRDA:61,4,0,0
BRDA:61,4,1,0
BRDA:61,4,2,0
BRDA:85,5,0,0
BRDA:85,5,1,0
BRDA:100,6,0,0
BRDA:100,6,1,0
BRDA:108,7,0,0
BRDA:108,7,1,0
BRDA:108,7,2,0
BRDA:111,8,0,0
BRDA:111,8,1,0
BRDA:118,9,0,0
BRDA:118,9,1,0
BRDA:118,9,2,0
BRF:24
BRH:0
end_of_record
TN:
SF:C:\xampp\htdocs\gutenberg\wordpress\wp-content\plugins\ResponsiveBlockEditorAddons\src\blocks\advanced-heading\components\edit.js
FN:18,(anonymous_0)
FN:21,(anonymous_1)
FN:32,(anonymous_2)
FN:47,(anonymous_3)
FN:75,(anonymous_4)
FN:96,(anonymous_5)
FN:102,(anonymous_6)
FN:111,(anonymous_7)
FN:126,(anonymous_8)
FN:129,(anonymous_9)
FNF:10
FNH:0
FNDA:0,(anonymous_0)
FNDA:0,(anonymous_1)
FNDA:0,(anonymous_2)
FNDA:0,(anonymous_3)
FNDA:0,(anonymous_4)
FNDA:0,(anonymous_5)
FNDA:0,(anonymous_6)
FNDA:0,(anonymous_7)
FNDA:0,(anonymous_8)
FNDA:0,(anonymous_9)
DA:19,0
DA:22,0
DA:27,0
DA:28,0
DA:34,0
DA:36,0
DA:39,0
DA:40,0
DA:45,0
DA:69,0
DA:70,0
DA:71,0
DA:75,0
DA:97,0
DA:103,0
DA:104,0
DA:111,0
DA:126,0
DA:129,0
LF:19
LH:0
BRDA:27,0,0,0
BRDA:27,0,1,0
BRDA:27,1,0,0
BRDA:27,1,1,0
BRDA:88,2,0,0
BRDA:88,2,1,0
BRDA:89,3,0,0
BRDA:89,3,1,0
BRDA:101,4,0,0
BRDA:101,4,1,0
BRDA:114,5,0,0
BRDA:114,5,1,0
BRDA:114,5,2,0
BRDA:114,5,3,0
BRDA:119,6,0,0
BRDA:119,6,1,0
BRDA:120,7,0,0
BRDA:120,7,1,0
BRDA:132,8,0,0
BRDA:132,8,1,0
BRDA:132,8,2,0
BRDA:132,8,3,0
BRF:22
BRH:0
end_of_record
TN:
SF:C:\xampp\htdocs\gutenberg\wordpress\wp-content\plugins\ResponsiveBlockEditorAddons\src\blocks\advanced-heading\components\editor-styles.js
FN:8,EditorStyles
FNF:1
FNH:0
FNDA:0,EditorStyles
DA:53,0
DA:55,0
DA:88,0
DA:105,0
DA:122,0
DA:123,0
DA:125,0
DA:126,0
DA:127,0
DA:129,0
LF:10
LH:0
BRF:0
BRH:0
end_of_record
TN:
SF:C:\xampp\htdocs\gutenberg\wordpress\wp-content\plugins\ResponsiveBlockEditorAddons\src\blocks\advanced-heading\components\inspector.js
FN:55,(anonymous_0)
FN:62,(anonymous_1)
FN:70,(anonymous_2)
FN:211,(anonymous_3)
FN:226,(anonymous_4)
FN:249,(anonymous_5)
FN:269,(anonymous_6)
FN:289,(anonymous_7)
FN:298,(anonymous_8)
FN:307,(anonymous_9)
FN:317,(anonymous_10)
FN:392,(anonymous_11)
FN:408,(anonymous_12)
FN:420,(anonymous_13)
FN:433,(anonymous_14)
FN:447,(anonymous_15)
FN:458,(anonymous_16)
FN:476,(anonymous_17)
FN:500,(anonymous_18)
FN:512,(anonymous_19)
FN:520,(anonymous_20)
FN:542,(anonymous_21)
FNF:22
FNH:0
FNDA:0,(anonymous_0)
FNDA:0,(anonymous_1)
FNDA:0,(anonymous_2)
FNDA:0,(anonymous_3)
FNDA:0,(anonymous_4)
FNDA:0,(anonymous_5)
FNDA:0,(anonymous_6)
FNDA:0,(anonymous_7)
FNDA:0,(anonymous_8)
FNDA:0,(anonymous_9)
FNDA:0,(anonymous_10)
FNDA:0,(anonymous_11)
FNDA:0,(anonymous_12)
FNDA:0,(anonymous_13)
FNDA:0,(anonymous_14)
FNDA:0,(anonymous_15)
FNDA:0,(anonymous_16)
FNDA:0,(anonymous_17)
FNDA:0,(anonymous_18)
FNDA:0,(anonymous_19)
FNDA:0,(anonymous_20)
FNDA:0,(anonymous_21)
DA:56,0
DA:63,0
DA:65,0
DA:67,0
DA:68,0
DA:72,0
DA:112,0
DA:177,0
DA:179,0
DA:214,0
DA:215,0
DA:227,0
DA:237,0
DA:238,0
DA:250,0
DA:261,0
DA:270,0
DA:282,0
DA:290,0
DA:299,0
DA:308,0
DA:318,0
DA:393,0
DA:409,0
DA:421,0
DA:434,0
DA:448,0
DA:458,0
DA:477,0
DA:501,0
DA:512,0
DA:521,0
DA:543,0
LF:33
LH:0
BRDA:214,0,0,0
BRDA:214,0,1,0
BRDA:237,1,0,0
BRDA:237,1,1,0
BRDA:471,2,0,0
BRDA:471,2,1,0
BRDA:478,3,0,0
BRDA:478,3,1,0
BRDA:524,4,0,0
BRDA:524,4,1,0
BRDA:529,5,0,0
BRDA:529,5,1,0
BRDA:567,6,0,0
BRDA:567,6,1,0
BRDA:580,7,0,0
BRDA:580,7,1,0
BRF:16
BRH:0
end_of_record
TN:
SF:C:\xampp\htdocs\gutenberg\wordpress\wp-content\plugins\ResponsiveBlockEditorAddons\src\blocks\advanced-heading\components\save.js
FN:16,(anonymous_0)
FN:20,(anonymous_1)
FNF:2
FNH:2
FNDA:1,(anonymous_0)
FNDA:1,(anonymous_1)
DA:17,1
DA:33,1
DA:35,1
DA:36,1
DA:37,1
DA:43,1
LF:6
LH:6
BRDA:36,0,0,1
BRDA:36,0,1,0
BRDA:51,1,0,1
BRDA:51,1,1,1
BRDA:59,2,0,1
BRDA:59,2,1,1
BRDA:59,2,2,1
BRDA:60,3,0,1
BRDA:60,3,1,1
BRDA:67,4,0,1
BRDA:67,4,1,0
BRDA:67,4,2,0
BRF:12
BRH:9
end_of_record
TN:
SF:C:\xampp\htdocs\gutenberg\wordpress\wp-content\plugins\ResponsiveBlockEditorAddons\src\blocks\anchor\attributes.js
FNF:0
FNH:0
DA:1,0
LF:1
LH:0
BRF:0
BRH:0
end_of_record
TN:
SF:C:\xampp\htdocs\gutenberg\wordpress\wp-content\plugins\ResponsiveBlockEditorAddons\src\blocks\anchor\index.js
FN:42,(anonymous_0)
FN:47,(anonymous_1)
FNF:2
FNH:0
FNDA:0,(anonymous_0)
FNDA:0,(anonymous_1)
DA:18,0
DA:21,0
DA:24,0
DA:43,0
DA:48,0
LF:5
LH:0
BRF:0
BRH:0
end_of_record
TN:
SF:C:\xampp\htdocs\gutenberg\wordpress\wp-content\plugins\ResponsiveBlockEditorAddons\src\blocks\anchor\components\edit.js
FN:18,(anonymous_0)
FN:21,(anonymous_1)
FN:32,(anonymous_2)
FN:47,(anonymous_3)
FNF:4
FNH:0
FNDA:0,(anonymous_0)
FNDA:0,(anonymous_1)
FNDA:0,(anonymous_2)
FNDA:0,(anonymous_3)
DA:14,0
DA:15,0
DA:16,0
DA:19,0
DA:22,0
DA:27,0
DA:28,0
DA:34,0
DA:36,0
DA:39,0
DA:40,0
DA:45,0
DA:58,0
DA:59,0
LF:14
LH:0
BRDA:27,0,0,0
BRDA:27,0,1,0
BRDA:27,1,0,0
BRDA:27,1,1,0
BRF:4
BRH:0
end_of_record
TN:
SF:C:\xampp\htdocs\gutenberg\wordpress\wp-content\plugins\ResponsiveBlockEditorAddons\src\blocks\anchor\components\editor-styles.js
FN:8,EditorStyles
FNF:1
FNH:0
FNDA:0,EditorStyles
DA:11,0
DA:13,0
DA:33,0
DA:36,0
DA:39,0
DA:40,0
DA:42,0
DA:43,0
DA:44,0
DA:46,0
LF:10
LH:0
BRF:0
BRH:0
end_of_record
TN:
SF:C:\xampp\htdocs\gutenberg\wordpress\wp-content\plugins\ResponsiveBlockEditorAddons\src\blocks\anchor\components\inspector.js
FN:42,(anonymous_0)
FN:46,(anonymous_1)
FN:127,(anonymous_2)
FNF:3
FNH:0
FNDA:0,(anonymous_0)
FNDA:0,(anonymous_1)
FNDA:0,(anonymous_2)
DA:6,0
DA:7,0
DA:22,0
DA:36,0
DA:43,0
DA:48,0
DA:88,0
DA:113,0
DA:115,0
DA:128,0
LF:10
LH:0
BRF:0
BRH:0
end_of_record
TN:
SF:C:\xampp\htdocs\gutenberg\wordpress\wp-content\plugins\ResponsiveBlockEditorAddons\src\blocks\anchor\components\save.js
FN:14,(anonymous_0)
FN:18,(anonymous_1)
FNF:2
FNH:0
FNDA:0,(anonymous_0)
FNDA:0,(anonymous_1)
DA:10,0
DA:11,0
DA:15,0
DA:22,0
DA:24,0
LF:5
LH:0
BRF:0
BRH:0
end_of_record
TN:
SF:C:\xampp\htdocs\gutenberg\wordpress\wp-content\plugins\ResponsiveBlockEditorAddons\src\blocks\blockquote\attributes.js
FNF:0
FNH:0
DA:1,0
LF:1
LH:0
BRF:0
BRH:0
end_of_record
TN:
SF:C:\xampp\htdocs\gutenberg\wordpress\wp-content\plugins\ResponsiveBlockEditorAddons\src\blocks\blockquote\index.js
FN:40,(anonymous_0)
FN:45,(anonymous_1)
FNF:2
FNH:0
FNDA:0,(anonymous_0)
FNDA:0,(anonymous_1)
DA:18,0
DA:21,0
DA:24,0
DA:41,0
DA:46,0
LF:5
LH:0
BRF:0
BRH:0
end_of_record
TN:
SF:C:\xampp\htdocs\gutenberg\wordpress\wp-content\plugins\ResponsiveBlockEditorAddons\src\blocks\blockquote\renderQuoteIcon.js
FN:10,renderSVG
FNF:1
FNH:0
FNDA:0,renderSVG
DA:11,0
DA:13,0
DA:15,0
DA:16,0
DA:19,0
DA:22,0
DA:24,0
LF:7
LH:0
BRDA:15,0,0,0
BRDA:15,0,1,0
BRDA:16,1,0,0
BRDA:16,1,1,0
BRDA:19,2,0,0
BRDA:19,2,1,0
BRF:6
BRH:0
end_of_record
TN:
SF:C:\xampp\htdocs\gutenberg\wordpress\wp-content\plugins\ResponsiveBlockEditorAddons\src\blocks\blockquote\components\edit.js
FN:19,(anonymous_0)
FN:23,(anonymous_1)
FN:33,(anonymous_2)
FN:47,(anonymous_3)
FN:70,(anonymous_4)
FN:124,(anonymous_5)
FNF:6
FNH:0
FNDA:0,(anonymous_0)
FNDA:0,(anonymous_1)
FNDA:0,(anonymous_2)
FNDA:0,(anonymous_3)
FNDA:0,(anonymous_4)
FNDA:0,(anonymous_5)
DA:13,0
DA:14,0
DA:15,0
DA:16,0
DA:20,0
DA:24,0
DA:28,0
DA:29,0
DA:35,0
DA:36,0
DA:39,0
DA:40,0
DA:44,0
DA:63,0
DA:65,0
DA:70,0
DA:124,0
LF:17
LH:0
BRDA:28,0,0,0
BRDA:28,0,1,0
BRDA:28,1,0,0
BRDA:28,1,1,0
BRDA:87,2,0,0
BRDA:87,2,1,0
BRDA:89,3,0,0
BRDA:89,3,1,0
BRDA:99,4,0,0
BRDA:99,4,1,0
BRDA:101,5,0,0
BRDA:101,5,1,0
BRDA:110,6,0,0
BRDA:110,6,1,0
BRDA:112,7,0,0
BRDA:112,7,1,0
BRF:16
BRH:0
end_of_record
TN:
SF:C:\xampp\htdocs\gutenberg\wordpress\wp-content\plugins\ResponsiveBlockEditorAddons\src\blocks\blockquote\components\editor-styles.js
FN:10,EditorStyles
FNF:1
FNH:0
FNDA:0,EditorStyles
DA:69,0
DA:71,0
DA:72,0
DA:73,0
DA:75,0
DA:76,0
DA:78,0
DA:152,0
DA:170,0
DA:188,0
DA:189,0
DA:191,0
DA:192,0
DA:193,0
DA:195,0
LF:15
LH:0
BRDA:75,0,0,0
BRDA:75,0,1,0
BRDA:81,1,0,0
BRDA:81,1,1,0
BRDA:82,2,0,0
BRDA:82,2,1,0
BRDA:82,3,0,0
BRDA:82,3,1,0
BRDA:107,4,0,0
BRDA:107,4,1,0
BRDA:108,5,0,0
BRDA:108,5,1,0
BRDA:108,6,0,0
BRDA:108,6,1,0
BRDA:111,7,0,0
BRDA:111,7,1,0
BRDA:113,8,0,0
BRDA:113,8,1,0
BRDA:114,9,0,0
BRDA:114,9,1,0
BRDA:116,10,0,0
BRDA:116,10,1,0
BRDA:117,11,0,0
BRDA:117,11,1,0
BRF:24
BRH:0
end_of_record
TN:
SF:C:\xampp\htdocs\gutenberg\wordpress\wp-content\plugins\ResponsiveBlockEditorAddons\src\blocks\blockquote\components\inspector.js
FN:49,(anonymous_0)
FN:59,(anonymous_1)
FN:68,(anonymous_2)
FN:86,(anonymous_3)
FN:95,(anonymous_4)
FN:108,(anonymous_5)
FN:244,(anonymous_6)
FN:246,(anonymous_7)
FN:265,(anonymous_8)
FN:282,(anonymous_9)
FN:295,(anonymous_10)
FN:305,(anonymous_11)
FN:327,(anonymous_12)
FN:338,(anonymous_13)
FN:354,(anonymous_14)
FN:367,(anonymous_15)
FN:386,(anonymous_16)
FN:418,(anonymous_17)
FNF:18
FNH:0
FNDA:0,(anonymous_0)
FNDA:0,(anonymous_1)
FNDA:0,(anonymous_2)
FNDA:0,(anonymous_3)
FNDA:0,(anonymous_4)
FNDA:0,(anonymous_5)
FNDA:0,(anonymous_6)
FNDA:0,(anonymous_7)
FNDA:0,(anonymous_8)
FNDA:0,(anonymous_9)
FNDA:0,(anonymous_10)
FNDA:0,(anonymous_11)
FNDA:0,(anonymous_12)
FNDA:0,(anonymous_13)
FNDA:0,(anonymous_14)
FNDA:0,(anonymous_15)
FNDA:0,(anonymous_16)
FNDA:0,(anonymous_17)
DA:20,0
DA:22,0
DA:23,0
DA:31,0
DA:43,0
DA:50,0
DA:51,0
DA:52,0
DA:53,0
DA:54,0
DA:60,0
DA:62,0
DA:69,0
DA:70,0
DA:72,0
DA:73,0
DA:74,0
DA:77,0
DA:78,0
DA:81,0
DA:87,0
DA:89,0
DA:96,0
DA:98,0
DA:99,0
DA:100,0
DA:102,0
DA:103,0
DA:105,0
DA:110,0
DA:121,0
DA:201,0
DA:204,0
DA:244,0
DA:245,0
DA:246,0
DA:247,0
DA:249,0
DA:266,0
DA:283,0
DA:296,0
DA:306,0
DA:328,0
DA:339,0
DA:355,0
DA:368,0
DA:386,0
DA:419,0
LF:48
LH:0
BRDA:72,0,0,0
BRDA:72,0,1,0
BRDA:72,1,0,0
BRDA:72,1,1,0
BRDA:77,2,0,0
BRDA:77,2,1,0
BRDA:77,3,0,0
BRDA:77,3,1,0
BRDA:98,4,0,0
BRDA:98,4,1,0
BRDA:98,5,0,0
BRDA:98,5,1,0
BRDA:102,6,0,0
BRDA:102,6,1,0
BRDA:102,7,0,0
BRDA:102,7,1,0
BRDA:340,8,0,0
BRDA:340,8,1,0
BRDA:356,9,0,0
BRDA:356,9,1,0
BRDA:369,10,0,0
BRDA:369,10,1,0
BRDA:389,11,0,0
BRDA:389,11,1,0
BRDA:396,12,0,0
BRDA:396,12,1,0
BRDA:404,13,0,0
BRDA:404,13,1,0
BRDA:412,14,0,0
BRDA:412,14,1,0
BRDA:419,15,0,0
BRDA:419,15,1,0
BRF:32
BRH:0
end_of_record
TN:
SF:C:\xampp\htdocs\gutenberg\wordpress\wp-content\plugins\ResponsiveBlockEditorAddons\src\blocks\blockquote\components\save.js
FN:15,(anonymous_0)
FN:19,(anonymous_1)
FNF:2
FNH:0
FNDA:0,(anonymous_0)
FNDA:0,(anonymous_1)
DA:10,0
DA:11,0
DA:12,0
DA:16,0
DA:33,0
DA:35,0
LF:6
LH:0
BRDA:45,0,0,0
BRDA:45,0,1,0
BRDA:47,1,0,0
BRDA:47,1,1,0
BRDA:57,2,0,0
BRDA:57,2,1,0
BRDA:59,3,0,0
BRDA:59,3,1,0
BRDA:68,4,0,0
BRDA:68,4,1,0
BRF:10
BRH:0
end_of_record
TN:
SF:C:\xampp\htdocs\gutenberg\wordpress\wp-content\plugins\ResponsiveBlockEditorAddons\src\blocks\buttons\attributes.js
FNF:0
FNH:0
DA:1,0
DA:3,0
DA:4,0
DA:5,0
DA:6,0
DA:31,0
LF:6
LH:0
BRF:0
BRH:0
end_of_record
TN:
SF:C:\xampp\htdocs\gutenberg\wordpress\wp-content\plugins\ResponsiveBlockEditorAddons\src\blocks\buttons\generateCSS.js
FN:1,generateCSS
FNF:1
FNH:0
FNDA:0,generateCSS
DA:7,0
DA:8,0
DA:9,0
DA:10,0
DA:12,0
DA:13,0
DA:14,0
DA:16,0
DA:17,0
DA:19,0
DA:20,0
DA:23,0
DA:28,0
DA:31,0
DA:32,0
DA:33,0
DA:35,0
DA:40,0
DA:41,0
DA:42,0
DA:43,0
DA:44,0
DA:48,0
DA:53,0
DA:55,0
DA:56,0
DA:59,0
DA:60,0
DA:62,0
LF:29
LH:0
BRDA:4,0,0,0
BRDA:5,1,0,0
BRDA:19,2,0,0
BRDA:19,2,1,0
BRDA:19,3,0,0
BRDA:19,3,1,0
BRDA:23,4,0,0
BRDA:23,4,1,0
BRDA:24,5,0,0
BRDA:24,5,1,0
BRDA:24,5,2,0
BRDA:31,6,0,0
BRDA:31,6,1,0
BRDA:31,7,0,0
BRDA:31,7,1,0
BRDA:32,8,0,0
BRDA:32,8,1,0
BRDA:40,9,0,0
BRDA:40,9,1,0
BRDA:48,10,0,0
BRDA:48,10,1,0
BRDA:49,11,0,0
BRDA:49,11,1,0
BRDA:49,11,2,0
BRDA:59,12,0,0
BRDA:59,12,1,0
BRF:26
BRH:0
end_of_record
TN:
SF:C:\xampp\htdocs\gutenberg\wordpress\wp-content\plugins\ResponsiveBlockEditorAddons\src\blocks\buttons\index.js
FN:45,(anonymous_0)
FN:50,(anonymous_1)
FNF:2
FNH:0
FNDA:0,(anonymous_0)
FNDA:0,(anonymous_1)
DA:18,0
DA:21,0
DA:24,0
DA:46,0
DA:51,0
LF:5
LH:0
BRF:0
BRH:0
end_of_record
TN:
SF:C:\xampp\htdocs\gutenberg\wordpress\wp-content\plugins\ResponsiveBlockEditorAddons\src\blocks\buttons\buttons-child\attributes.js
FNF:0
FNH:0
DA:1,0
LF:1
LH:0
BRF:0
BRH:0
end_of_record
TN:
SF:C:\xampp\htdocs\gutenberg\wordpress\wp-content\plugins\ResponsiveBlockEditorAddons\src\blocks\buttons\buttons-child\index.js
FN:46,(anonymous_0)
FN:51,(anonymous_1)
FNF:2
FNH:0
FNDA:0,(anonymous_0)
FNDA:0,(anonymous_1)
DA:17,0
DA:20,0
DA:23,0
DA:47,0
DA:52,0
LF:5
LH:0
BRF:0
BRH:0
end_of_record
TN:
SF:C:\xampp\htdocs\gutenberg\wordpress\wp-content\plugins\ResponsiveBlockEditorAddons\src\blocks\buttons\buttons-child\components\buttons.js
FN:15,(anonymous_0)
FN:19,(anonymous_1)
FNF:2
FNH:0
FNDA:0,(anonymous_0)
FNDA:0,(anonymous_1)
DA:6,0
DA:16,0
DA:35,0
DA:37,0
LF:4
LH:0
BRF:0
BRH:0
end_of_record
TN:
SF:C:\xampp\htdocs\gutenberg\wordpress\wp-content\plugins\ResponsiveBlockEditorAddons\src\blocks\buttons\buttons-child\components\edit.js
FN:45,(anonymous_0)
FN:49,(anonymous_1)
FN:60,(anonymous_2)
FN:75,(anonymous_3)
FN:149,(anonymous_4)
FN:175,(anonymous_5)
FN:181,(anonymous_6)
FNF:7
FNH:0
FNDA:0,(anonymous_0)
FNDA:0,(anonymous_1)
FNDA:0,(anonymous_2)
FNDA:0,(anonymous_3)
FNDA:0,(anonymous_4)
FNDA:0,(anonymous_5)
FNDA:0,(anonymous_6)
DA:17,0
DA:18,0
DA:26,0
DA:38,0
DA:40,0
DA:42,0
DA:46,0
DA:50,0
DA:55,0
DA:56,0
DA:62,0
DA:63,0
DA:66,0
DA:67,0
DA:72,0
DA:94,0
DA:96,0
DA:100,0
DA:102,0
DA:104,0
DA:105,0
DA:106,0
DA:108,0
DA:110,0
DA:111,0
DA:114,0
DA:150,0
DA:175,0
DA:181,0
LF:29
LH:0
BRDA:55,0,0,0
BRDA:55,0,1,0
BRDA:55,1,0,0
BRDA:55,1,1,0
BRDA:105,2,0,0
BRDA:105,2,1,0
BRDA:110,3,0,0
BRDA:110,3,1,0
BRDA:116,4,0,0
BRDA:116,4,1,0
BRDA:125,5,0,0
BRDA:125,5,1,0
BRDA:132,6,0,0
BRDA:132,6,1,0
BRDA:135,7,0,0
BRDA:135,7,1,0
BRDA:135,7,2,0
BRDA:154,8,0,0
BRDA:154,8,1,0
BRDA:155,9,0,0
BRDA:155,9,1,0
BRDA:159,10,0,0
BRDA:159,10,1,0
BRDA:159,10,2,0
BRDA:171,11,0,0
BRDA:171,11,1,0
BRF:26
BRH:0
end_of_record
TN:
SF:C:\xampp\htdocs\gutenberg\wordpress\wp-content\plugins\ResponsiveBlockEditorAddons\src\blocks\buttons\buttons-child\components\editor-styles.js
FN:9,EditorStyles
FNF:1
FNH:0
FNDA:0,EditorStyles
DA:58,0
DA:60,0
DA:62,0
DA:64,0
DA:65,0
DA:68,0
DA:69,0
DA:70,0
DA:72,0
DA:73,0
DA:74,0
DA:77,0
DA:78,0
DA:79,0
DA:82,0
DA:83,0
DA:84,0
DA:87,0
DA:88,0
DA:89,0
DA:92,0
DA:93,0
DA:94,0
DA:97,0
DA:98,0
DA:99,0
DA:102,0
DA:103,0
DA:104,0
DA:107,0
DA:108,0
DA:109,0
DA:112,0
DA:113,0
DA:114,0
DA:117,0
DA:118,0
DA:119,0
DA:120,0
DA:121,0
DA:122,0
DA:124,0
DA:125,0
DA:134,0
DA:195,0
DA:213,0
DA:231,0
DA:232,0
DA:234,0
DA:235,0
DA:236,0
DA:238,0
LF:52
LH:0
BRDA:64,0,0,0
BRDA:64,0,1,0
BRDA:69,1,0,0
BRDA:69,1,1,0
BRDA:73,2,0,0
BRDA:73,2,1,0
BRDA:78,3,0,0
BRDA:78,3,1,0
BRDA:83,4,0,0
BRDA:83,4,1,0
BRDA:88,5,0,0
BRDA:88,5,1,0
BRDA:93,6,0,0
BRDA:93,6,1,0
BRDA:98,7,0,0
BRDA:98,7,1,0
BRDA:103,8,0,0
BRDA:103,8,1,0
BRDA:108,9,0,0
BRDA:108,9,1,0
BRDA:113,10,0,0
BRDA:113,10,1,0
BRDA:120,11,0,0
BRDA:120,11,1,0
BRDA:124,12,0,0
BRDA:124,12,1,0
BRF:26
BRH:0
end_of_record
TN:
SF:C:\xampp\htdocs\gutenberg\wordpress\wp-content\plugins\ResponsiveBlockEditorAddons\src\blocks\buttons\buttons-child\components\inspector.js
FN:47,(anonymous_0)
FN:51,(anonymous_1)
FN:180,(anonymous_2)
FN:187,(anonymous_3)
FN:194,(anonymous_4)
FN:250,(anonymous_5)
FN:266,(anonymous_6)
FN:285,(anonymous_7)
FN:309,(anonymous_8)
FN:328,(anonymous_9)
FN:342,(anonymous_10)
FN:357,(anonymous_11)
FN:373,(anonymous_12)
FN:392,(anonymous_13)
FN:412,(anonymous_14)
FN:429,(anonymous_15)
FN:442,(anonymous_16)
FN:454,(anonymous_17)
FN:466,(anonymous_18)
FN:487,(anonymous_19)
FN:495,(anonymous_20)
FN:508,(anonymous_21)
FN:543,(anonymous_22)
FN:555,(anonymous_23)
FN:572,(anonymous_24)
FN:589,(anonymous_25)
FN:624,(anonymous_26)
FN:636,(anonymous_27)
FN:653,(anonymous_28)
FN:670,(anonymous_29)
FN:705,(anonymous_30)
FN:719,(anonymous_31)
FN:738,(anonymous_32)
FN:757,(anonymous_33)
FN:792,(anonymous_34)
FN:806,(anonymous_35)
FN:825,(anonymous_36)
FN:844,(anonymous_37)
FN:866,(anonymous_38)
FN:873,(anonymous_39)
FN:882,(anonymous_40)
FN:892,(anonymous_41)
FN:910,(anonymous_42)
FN:924,(anonymous_43)
FNF:44
FNH:0
FNDA:0,(anonymous_0)
FNDA:0,(anonymous_1)
FNDA:0,(anonymous_2)
FNDA:0,(anonymous_3)
FNDA:0,(anonymous_4)
FNDA:0,(anonymous_5)
FNDA:0,(anonymous_6)
FNDA:0,(anonymous_7)
FNDA:0,(anonymous_8)
FNDA:0,(anonymous_9)
FNDA:0,(anonymous_10)
FNDA:0,(anonymous_11)
FNDA:0,(anonymous_12)
FNDA:0,(anonymous_13)
FNDA:0,(anonymous_14)
FNDA:0,(anonymous_15)
FNDA:0,(anonymous_16)
FNDA:0,(anonymous_17)
FNDA:0,(anonymous_18)
FNDA:0,(anonymous_19)
FNDA:0,(anonymous_20)
FNDA:0,(anonymous_21)
FNDA:0,(anonymous_22)
FNDA:0,(anonymous_23)
FNDA:0,(anonymous_24)
FNDA:0,(anonymous_25)
FNDA:0,(anonymous_26)
FNDA:0,(anonymous_27)
FNDA:0,(anonymous_28)
FNDA:0,(anonymous_29)
FNDA:0,(anonymous_30)
FNDA:0,(anonymous_31)
FNDA:0,(anonymous_32)
FNDA:0,(anonymous_33)
FNDA:0,(anonymous_34)
FNDA:0,(anonymous_35)
FNDA:0,(anonymous_36)
FNDA:0,(anonymous_37)
FNDA:0,(anonymous_38)
FNDA:0,(anonymous_39)
FNDA:0,(anonymous_40)
FNDA:0,(anonymous_41)
FNDA:0,(anonymous_42)
FNDA:0,(anonymous_43)
DA:15,0
DA:16,0
DA:26,0
DA:39,0
DA:41,0
DA:48,0
DA:116,0
DA:119,0
DA:129,0
DA:168,0
DA:181,0
DA:188,0
DA:194,0
DA:252,0
DA:253,0
DA:267,0
DA:286,0
DA:293,0
DA:310,0
DA:329,0
DA:336,0
DA:342,0
DA:357,0
DA:374,0
DA:393,0
DA:413,0
DA:430,0
DA:443,0
DA:455,0
DA:467,0
DA:488,0
DA:496,0
DA:509,0
DA:546,0
DA:547,0
DA:556,0
DA:563,0
DA:564,0
DA:573,0
DA:581,0
DA:590,0
DA:599,0
DA:627,0
DA:628,0
DA:637,0
DA:644,0
DA:645,0
DA:654,0
DA:662,0
DA:671,0
DA:680,0
DA:708,0
DA:709,0
DA:720,0
DA:727,0
DA:728,0
DA:739,0
DA:747,0
DA:758,0
DA:767,0
DA:795,0
DA:796,0
DA:807,0
DA:814,0
DA:815,0
DA:826,0
DA:834,0
DA:845,0
DA:854,0
DA:866,0
DA:873,0
DA:883,0
DA:893,0
DA:910,0
DA:924,0
LF:75
LH:0
BRDA:228,0,0,0
BRDA:228,0,1,0
BRDA:252,1,0,0
BRDA:252,1,1,0
BRDA:360,2,0,0
BRDA:360,2,1,0
BRDA:399,3,0,0
BRDA:399,3,1,0
BRDA:491,4,0,0
BRDA:491,4,1,0
BRDA:546,5,0,0
BRDA:546,5,1,0
BRDA:563,6,0,0
BRDA:563,6,1,0
BRDA:627,7,0,0
BRDA:627,7,1,0
BRDA:644,8,0,0
BRDA:644,8,1,0
BRDA:708,9,0,0
BRDA:708,9,1,0
BRDA:727,10,0,0
BRDA:727,10,1,0
BRDA:795,11,0,0
BRDA:795,11,1,0
BRDA:814,12,0,0
BRDA:814,12,1,0
BRDA:883,13,0,0
BRDA:883,13,1,0
BRDA:893,14,0,0
BRDA:893,14,1,0
BRDA:929,15,0,0
BRDA:929,15,1,0
BRF:32
BRH:0
end_of_record
TN:
SF:C:\xampp\htdocs\gutenberg\wordpress\wp-content\plugins\ResponsiveBlockEditorAddons\src\blocks\buttons\buttons-child\components\save.js
FN:19,(anonymous_0)
FN:23,(anonymous_1)
FNF:2
FNH:0
FNDA:0,(anonymous_0)
FNDA:0,(anonymous_1)
DA:13,0
DA:14,0
DA:16,0
DA:20,0
DA:37,0
DA:39,0
DA:41,0
DA:43,0
DA:44,0
DA:45,0
DA:47,0
DA:49,0
DA:50,0
DA:53,0
LF:14
LH:0
BRDA:44,0,0,0
BRDA:44,0,1,0
BRDA:49,1,0,0
BRDA:49,1,1,0
BRDA:60,2,0,0
BRDA:60,2,1,0
BRDA:67,3,0,0
BRDA:67,3,1,0
BRDA:70,4,0,0
BRDA:70,4,1,0
BRDA:70,4,2,0
BRDA:86,5,0,0
BRDA:86,5,1,0
BRDA:87,6,0,0
BRDA:87,6,1,0
BRDA:89,7,0,0
BRDA:89,7,1,0
BRDA:89,7,2,0
BRF:18
BRH:0
end_of_record
TN:
SF:C:\xampp\htdocs\gutenberg\wordpress\wp-content\plugins\ResponsiveBlockEditorAddons\src\blocks\buttons\components\buttons.js
FN:15,(anonymous_0)
FN:19,(anonymous_1)
FNF:2
FNH:0
FNDA:0,(anonymous_0)
FNDA:0,(anonymous_1)
DA:6,0
DA:16,0
DA:30,0
DA:31,0
LF:4
LH:0
BRF:0
BRH:0
end_of_record
TN:
SF:C:\xampp\htdocs\gutenberg\wordpress\wp-content\plugins\ResponsiveBlockEditorAddons\src\blocks\buttons\components\edit.js
FN:34,(anonymous_0)
FN:38,(anonymous_1)
FN:45,(anonymous_2)
FN:46,(anonymous_3)
FN:60,(anonymous_4)
FNF:5
FNH:0
FNDA:0,(anonymous_0)
FNDA:0,(anonymous_1)
FNDA:0,(anonymous_2)
FNDA:0,(anonymous_3)
FNDA:0,(anonymous_4)
DA:13,0
DA:14,0
DA:21,0
DA:29,0
DA:31,0
DA:35,0
DA:43,0
DA:45,0
DA:46,0
DA:52,0
DA:61,0
LF:11
LH:0
BRF:0
BRH:0
end_of_record
TN:
SF:C:\xampp\htdocs\gutenberg\wordpress\wp-content\plugins\ResponsiveBlockEditorAddons\src\blocks\buttons\components\inspector.js
FN:34,(anonymous_0)
FN:38,(anonymous_1)
FN:82,(anonymous_2)
FN:97,(anonymous_3)
FN:120,(anonymous_4)
FN:138,(anonymous_5)
FN:164,(anonymous_6)
FNF:7
FNH:0
FNDA:0,(anonymous_0)
FNDA:0,(anonymous_1)
FNDA:0,(anonymous_2)
FNDA:0,(anonymous_3)
FNDA:0,(anonymous_4)
FNDA:0,(anonymous_5)
FNDA:0,(anonymous_6)
DA:8,0
DA:9,0
DA:18,0
DA:28,0
DA:35,0
DA:50,0
DA:52,0
DA:85,0
DA:86,0
DA:98,0
DA:108,0
DA:109,0
DA:121,0
DA:132,0
DA:139,0
DA:151,0
DA:164,0
LF:17
LH:0
BRDA:85,0,0,0
BRDA:85,0,1,0
BRDA:108,1,0,0
BRDA:108,1,1,0
BRF:4
BRH:0
end_of_record
TN:
SF:C:\xampp\htdocs\gutenberg\wordpress\wp-content\plugins\ResponsiveBlockEditorAddons\src\blocks\buttons\components\save.js
FN:13,(anonymous_0)
FN:17,(anonymous_1)
FNF:2
FNH:0
FNDA:0,(anonymous_0)
FNDA:0,(anonymous_1)
DA:9,0
DA:10,0
DA:14,0
DA:19,0
DA:21,0
LF:5
LH:0
BRF:0
BRH:0
end_of_record
TN:
SF:C:\xampp\htdocs\gutenberg\wordpress\wp-content\plugins\ResponsiveBlockEditorAddons\src\blocks\call-mail-button\attributes.js
FNF:0
FNH:0
DA:1,0
LF:1
LH:0
BRF:0
BRH:0
end_of_record
TN:
SF:C:\xampp\htdocs\gutenberg\wordpress\wp-content\plugins\ResponsiveBlockEditorAddons\src\blocks\call-mail-button\index.js
FN:40,(anonymous_0)
FN:45,(anonymous_1)
FNF:2
FNH:0
FNDA:0,(anonymous_0)
FNDA:0,(anonymous_1)
DA:16,0
DA:19,0
DA:22,0
DA:41,0
DA:46,0
LF:5
LH:0
BRF:0
BRH:0
end_of_record
TN:
SF:C:\xampp\htdocs\gutenberg\wordpress\wp-content\plugins\ResponsiveBlockEditorAddons\src\blocks\call-mail-button\components\edit.js
FN:16,(anonymous_0)
FN:19,(anonymous_1)
FN:30,(anonymous_2)
FN:45,(anonymous_3)
FN:102,(anonymous_4)
FN:117,(anonymous_5)
FNF:6
FNH:0
FNDA:0,(anonymous_0)
FNDA:0,(anonymous_1)
FNDA:0,(anonymous_2)
FNDA:0,(anonymous_3)
FNDA:0,(anonymous_4)
FNDA:0,(anonymous_5)
DA:12,0
DA:13,0
DA:14,0
DA:17,0
DA:20,0
DA:25,0
DA:26,0
DA:32,0
DA:34,0
DA:37,0
DA:38,0
DA:43,0
DA:63,0
DA:64,0
DA:65,0
DA:66,0
DA:67,0
DA:102,0
DA:117,0
LF:19
LH:0
BRDA:25,0,0,0
BRDA:25,0,1,0
BRDA:25,1,0,0
BRDA:25,1,1,0
BRDA:84,2,0,0
BRDA:84,2,1,0
BRDA:86,3,0,0
BRDA:86,3,1,0
BRDA:86,3,2,0
BRDA:96,4,0,0
BRDA:96,4,1,0
BRDA:112,5,0,0
BRDA:112,5,1,0
BRDA:128,6,0,0
BRDA:128,6,1,0
BRDA:128,6,2,0
BRF:16
BRH:0
end_of_record
TN:
SF:C:\xampp\htdocs\gutenberg\wordpress\wp-content\plugins\ResponsiveBlockEditorAddons\src\blocks\call-mail-button\components\editor-styles.js
FN:8,EditorStyles
FNF:1
FNH:0
FNDA:0,EditorStyles
DA:59,0
DA:61,0
DA:62,0
DA:63,0
DA:65,0
DA:66,0
DA:67,0
DA:68,0
DA:69,0
DA:70,0
DA:71,0
DA:73,0
DA:116,0
DA:139,0
DA:162,0
DA:163,0
DA:165,0
DA:166,0
DA:167,0
DA:169,0
LF:20
LH:0
BRDA:61,0,0,0
BRDA:61,0,1,0
BRDA:61,1,0,0
BRDA:61,1,1,0
BRDA:62,2,0,0
BRDA:62,2,1,0
BRDA:62,3,0,0
BRDA:62,3,1,0
BRDA:63,4,0,0
BRDA:63,4,1,0
BRDA:63,5,0,0
BRDA:63,5,1,0
BRDA:67,6,0,0
BRDA:67,6,1,0
BRDA:68,7,0,0
BRDA:68,7,1,0
BRDA:69,8,0,0
BRDA:69,8,1,0
BRDA:70,9,0,0
BRDA:70,9,1,0
BRDA:71,10,0,0
BRDA:71,10,1,0
BRF:22
BRH:0
end_of_record
TN:
SF:C:\xampp\htdocs\gutenberg\wordpress\wp-content\plugins\ResponsiveBlockEditorAddons\src\blocks\call-mail-button\components\inspector.js
FN:50,(anonymous_0)
FN:56,(anonymous_1)
FN:69,(anonymous_2)
FN:79,(anonymous_3)
FN:246,(anonymous_4)
FN:255,(anonymous_5)
FN:276,(anonymous_6)
FN:297,(anonymous_7)
FN:301,(anonymous_8)
FN:316,(anonymous_9)
FN:343,(anonymous_10)
FN:352,(anonymous_11)
FN:364,(anonymous_12)
FN:376,(anonymous_13)
FN:400,(anonymous_14)
FN:407,(anonymous_15)
FN:416,(anonymous_16)
FN:429,(anonymous_17)
FN:440,(anonymous_18)
FN:464,(anonymous_19)
FN:472,(anonymous_20)
FN:484,(anonymous_21)
FN:496,(anonymous_22)
FN:528,(anonymous_23)
FN:536,(anonymous_24)
FN:548,(anonymous_25)
FN:560,(anonymous_26)
FN:586,(anonymous_27)
FN:603,(anonymous_28)
FN:620,(anonymous_29)
FN:637,(anonymous_30)
FNF:31
FNH:0
FNDA:0,(anonymous_0)
FNDA:0,(anonymous_1)
FNDA:0,(anonymous_2)
FNDA:0,(anonymous_3)
FNDA:0,(anonymous_4)
FNDA:0,(anonymous_5)
FNDA:0,(anonymous_6)
FNDA:0,(anonymous_7)
FNDA:0,(anonymous_8)
FNDA:0,(anonymous_9)
FNDA:0,(anonymous_10)
FNDA:0,(anonymous_11)
FNDA:0,(anonymous_12)
FNDA:0,(anonymous_13)
FNDA:0,(anonymous_14)
FNDA:0,(anonymous_15)
FNDA:0,(anonymous_16)
FNDA:0,(anonymous_17)
FNDA:0,(anonymous_18)
FNDA:0,(anonymous_19)
FNDA:0,(anonymous_20)
FNDA:0,(anonymous_21)
FNDA:0,(anonymous_22)
FNDA:0,(anonymous_23)
FNDA:0,(anonymous_24)
FNDA:0,(anonymous_25)
FNDA:0,(anonymous_26)
FNDA:0,(anonymous_27)
FNDA:0,(anonymous_28)
FNDA:0,(anonymous_29)
FNDA:0,(anonymous_30)
DA:6,0
DA:7,0
DA:28,0
DA:42,0
DA:44,0
DA:51,0
DA:52,0
DA:53,0
DA:57,0
DA:58,0
DA:59,0
DA:62,0
DA:64,0
DA:65,0
DA:70,0
DA:71,0
DA:72,0
DA:75,0
DA:81,0
DA:121,0
DA:141,0
DA:229,0
DA:231,0
DA:246,0
DA:256,0
DA:257,0
DA:277,0
DA:278,0
DA:297,0
DA:301,0
DA:316,0
DA:346,0
DA:347,0
DA:352,0
DA:358,0
DA:359,0
DA:364,0
DA:371,0
DA:376,0
DA:384,0
DA:400,0
DA:407,0
DA:416,0
DA:429,0
DA:440,0
DA:466,0
DA:467,0
DA:472,0
DA:478,0
DA:479,0
DA:484,0
DA:491,0
DA:496,0
DA:503,0
DA:530,0
DA:531,0
DA:536,0
DA:542,0
DA:543,0
DA:548,0
DA:555,0
DA:560,0
DA:567,0
DA:586,0
DA:603,0
DA:620,0
DA:637,0
LF:67
LH:0
BRDA:58,0,0,0
BRDA:58,0,1,0
BRDA:64,1,0,0
BRDA:64,1,1,0
BRDA:71,2,0,0
BRDA:71,2,1,0
BRDA:249,3,0,0
BRDA:249,3,1,0
BRDA:262,4,0,0
BRDA:262,4,1,0
BRDA:270,5,0,0
BRDA:270,5,1,0
BRDA:283,6,0,0
BRDA:283,6,1,0
BRDA:319,7,0,0
BRDA:319,7,1,0
BRDA:346,8,0,0
BRDA:346,8,1,0
BRDA:358,9,0,0
BRDA:358,9,1,0
BRDA:392,10,0,0
BRDA:392,10,1,0
BRDA:403,11,0,0
BRDA:403,11,1,0
BRDA:466,12,0,0
BRDA:466,12,1,0
BRDA:478,13,0,0
BRDA:478,13,1,0
BRDA:530,14,0,0
BRDA:530,14,1,0
BRDA:542,15,0,0
BRDA:542,15,1,0
BRDA:590,16,0,0
BRDA:590,16,1,0
BRDA:624,17,0,0
BRDA:624,17,1,0
BRF:36
BRH:0
end_of_record
TN:
SF:C:\xampp\htdocs\gutenberg\wordpress\wp-content\plugins\ResponsiveBlockEditorAddons\src\blocks\call-mail-button\components\save.js
FN:15,(anonymous_0)
FN:19,(anonymous_1)
FNF:2
FNH:0
FNDA:0,(anonymous_0)
FNDA:0,(anonymous_1)
DA:11,0
DA:12,0
DA:16,0
DA:30,0
DA:31,0
DA:32,0
DA:33,0
LF:7
LH:0
BRDA:45,0,0,0
BRDA:45,0,1,0
BRDA:47,1,0,0
BRDA:47,1,1,0
BRDA:47,1,2,0
BRDA:57,2,0,0
BRDA:57,2,1,0
BRDA:64,3,0,0
BRDA:64,3,1,0
BRDA:71,4,0,0
BRDA:71,4,1,0
BRDA:71,4,2,0
BRF:12
BRH:0
end_of_record
TN:
SF:C:\xampp\htdocs\gutenberg\wordpress\wp-content\plugins\ResponsiveBlockEditorAddons\src\blocks\call-to-action\attributes.js
FNF:0
FNH:0
DA:1,0
LF:1
LH:0
BRF:0
BRH:0
end_of_record
TN:
SF:C:\xampp\htdocs\gutenberg\wordpress\wp-content\plugins\ResponsiveBlockEditorAddons\src\blocks\call-to-action\index.js
FN:65,(anonymous_0)
FN:72,(anonymous_1)
FN:77,(anonymous_2)
FNF:3
FNH:0
FNDA:0,(anonymous_0)
FNDA:0,(anonymous_1)
FNDA:0,(anonymous_2)
DA:14,0
DA:17,0
DA:20,0
DA:29,0
DA:32,0
DA:35,0
DA:66,0
DA:67,0
DA:73,0
DA:78,0
LF:10
LH:0
BRDA:66,0,0,0
BRDA:66,0,1,0
BRDA:66,1,0,0
BRDA:66,1,1,0
BRDA:66,1,2,0
BRF:5
BRH:0
end_of_record
TN:
SF:C:\xampp\htdocs\gutenberg\wordpress\wp-content\plugins\ResponsiveBlockEditorAddons\src\blocks\call-to-action\components\cta.js
FN:15,(anonymous_0)
FN:19,(anonymous_1)
FNF:2
FNH:0
FNDA:0,(anonymous_0)
FNDA:0,(anonymous_1)
DA:6,0
DA:16,0
DA:40,0
DA:42,0
DA:51,0
DA:55,0
LF:6
LH:0
BRDA:52,0,0,0
BRDA:52,0,1,0
BRDA:56,1,0,0
BRDA:56,1,1,0
BRF:4
BRH:0
end_of_record
TN:
SF:C:\xampp\htdocs\gutenberg\wordpress\wp-content\plugins\ResponsiveBlockEditorAddons\src\blocks\call-to-action\components\edit.js
FN:34,(anonymous_0)
FN:38,(anonymous_1)
FN:49,(anonymous_2)
FN:64,(anonymous_3)
FN:104,(anonymous_4)
FN:112,(anonymous_5)
FN:132,(anonymous_6)
FN:137,(anonymous_7)
FN:190,(anonymous_8)
FN:205,(anonymous_9)
FN:217,(anonymous_10)
FN:249,(anonymous_11)
FN:268,(anonymous_12)
FN:277,(anonymous_13)
FNF:14
FNH:0
FNDA:0,(anonymous_0)
FNDA:0,(anonymous_1)
FNDA:0,(anonymous_2)
FNDA:0,(anonymous_3)
FNDA:0,(anonymous_4)
FNDA:0,(anonymous_5)
FNDA:0,(anonymous_6)
FNDA:0,(anonymous_7)
FNDA:0,(anonymous_8)
FNDA:0,(anonymous_9)
FNDA:0,(anonymous_10)
FNDA:0,(anonymous_11)
FNDA:0,(anonymous_12)
FNDA:0,(anonymous_13)
DA:16,0
DA:17,0
DA:28,0
DA:29,0
DA:31,0
DA:35,0
DA:39,0
DA:44,0
DA:45,0
DA:51,0
DA:52,0
DA:55,0
DA:56,0
DA:61,0
DA:93,0
DA:95,0
DA:96,0
DA:98,0
DA:99,0
DA:102,0
DA:104,0
DA:105,0
DA:112,0
DA:113,0
DA:118,0
DA:119,0
DA:122,0
DA:132,0
DA:138,0
DA:190,0
DA:205,0
DA:217,0
DA:249,0
DA:268,0
DA:277,0
LF:35
LH:0
BRDA:44,0,0,0
BRDA:44,0,1,0
BRDA:44,1,0,0
BRDA:44,1,1,0
BRDA:98,2,0,0
BRDA:98,2,1,0
BRDA:113,3,0,0
BRDA:113,3,1,0
BRDA:113,4,0,0
BRDA:113,4,1,0
BRDA:118,5,0,0
BRDA:118,5,1,0
BRDA:162,6,0,0
BRDA:162,6,1,0
BRDA:162,6,2,0
BRDA:162,6,3,0
BRDA:175,7,0,0
BRDA:175,7,1,0
BRDA:176,8,0,0
BRDA:176,8,1,0
BRDA:208,9,0,0
BRDA:208,9,1,0
BRDA:220,10,0,0
BRDA:220,10,1,0
BRDA:228,11,0,0
BRDA:228,11,1,0
BRDA:228,11,2,0
BRDA:251,12,0,0
BRDA:251,12,1,0
BRDA:251,12,2,0
BRDA:264,13,0,0
BRDA:264,13,1,0
BRF:32
BRH:0
end_of_record
TN:
SF:C:\xampp\htdocs\gutenberg\wordpress\wp-content\plugins\ResponsiveBlockEditorAddons\src\blocks\call-to-action\components\editor-styles.js
FN:10,EditorStyles
FNF:1
FNH:0
FNDA:0,EditorStyles
DA:98,0
DA:100,0
DA:101,0
DA:102,0
DA:103,0
DA:104,0
DA:106,0
DA:107,0
DA:109,0
DA:112,0
DA:113,0
DA:122,0
DA:123,0
DA:125,0
DA:126,0
DA:129,0
DA:130,0
DA:131,0
DA:132,0
DA:133,0
DA:136,0
DA:257,0
DA:287,0
DA:317,0
DA:318,0
DA:320,0
DA:321,0
DA:322,0
DA:324,0
LF:29
LH:0
BRDA:103,0,0,0
BRDA:103,0,1,0
BRDA:106,1,0,0
BRDA:106,1,1,0
BRDA:112,2,0,0
BRDA:112,2,1,0
BRDA:125,3,0,0
BRDA:125,3,1,0
BRDA:130,4,0,0
BRDA:130,4,1,0
BRDA:132,5,0,0
BRDA:132,5,1,0
BRDA:161,6,0,0
BRDA:161,6,1,0
BRDA:170,7,0,0
BRDA:170,7,1,0
BRDA:171,8,0,0
BRDA:171,8,1,0
BRDA:171,9,0,0
BRDA:171,9,1,0
BRDA:174,10,0,0
BRDA:174,10,1,0
BRDA:203,11,0,0
BRDA:203,11,1,0
BRDA:234,12,0,0
BRDA:234,12,1,0
BRDA:238,13,0,0
BRDA:238,13,1,0
BRF:28
BRH:0
end_of_record
TN:
SF:C:\xampp\htdocs\gutenberg\wordpress\wp-content\plugins\ResponsiveBlockEditorAddons\src\blocks\call-to-action\components\inspector.js
FN:50,(anonymous_0)
FN:54,(anonymous_1)
FN:229,(anonymous_2)
FN:238,(anonymous_3)
FN:247,(anonymous_4)
FN:249,(anonymous_5)
FN:250,(anonymous_6)
FN:252,(anonymous_7)
FN:255,(anonymous_8)
FN:257,(anonymous_9)
FN:259,(anonymous_10)
FN:261,(anonymous_11)
FN:296,(anonymous_12)
FN:381,(anonymous_13)
FN:412,(anonymous_14)
FN:426,(anonymous_15)
FN:445,(anonymous_16)
FN:464,(anonymous_17)
FN:518,(anonymous_18)
FN:527,(anonymous_19)
FN:550,(anonymous_20)
FN:581,(anonymous_21)
FN:595,(anonymous_22)
FN:614,(anonymous_23)
FN:633,(anonymous_24)
FN:687,(anonymous_25)
FN:696,(anonymous_26)
FN:726,(anonymous_27)
FN:741,(anonymous_28)
FN:758,(anonymous_29)
FN:788,(anonymous_30)
FN:798,(anonymous_31)
FN:802,(anonymous_32)
FN:812,(anonymous_33)
FN:816,(anonymous_34)
FN:826,(anonymous_35)
FN:855,(anonymous_36)
FN:870,(anonymous_37)
FN:876,(anonymous_38)
FN:885,(anonymous_39)
FNF:40
FNH:0
FNDA:0,(anonymous_0)
FNDA:0,(anonymous_1)
FNDA:0,(anonymous_2)
FNDA:0,(anonymous_3)
FNDA:0,(anonymous_4)
FNDA:0,(anonymous_5)
FNDA:0,(anonymous_6)
FNDA:0,(anonymous_7)
FNDA:0,(anonymous_8)
FNDA:0,(anonymous_9)
FNDA:0,(anonymous_10)
FNDA:0,(anonymous_11)
FNDA:0,(anonymous_12)
FNDA:0,(anonymous_13)
FNDA:0,(anonymous_14)
FNDA:0,(anonymous_15)
FNDA:0,(anonymous_16)
FNDA:0,(anonymous_17)
FNDA:0,(anonymous_18)
FNDA:0,(anonymous_19)
FNDA:0,(anonymous_20)
FNDA:0,(anonymous_21)
FNDA:0,(anonymous_22)
FNDA:0,(anonymous_23)
FNDA:0,(anonymous_24)
FNDA:0,(anonymous_25)
FNDA:0,(anonymous_26)
FNDA:0,(anonymous_27)
FNDA:0,(anonymous_28)
FNDA:0,(anonymous_29)
FNDA:0,(anonymous_30)
FNDA:0,(anonymous_31)
FNDA:0,(anonymous_32)
FNDA:0,(anonymous_33)
FNDA:0,(anonymous_34)
FNDA:0,(anonymous_35)
FNDA:0,(anonymous_36)
FNDA:0,(anonymous_37)
FNDA:0,(anonymous_38)
FNDA:0,(anonymous_39)
DA:21,0
DA:22,0
DA:30,0
DA:42,0
DA:44,0
DA:51,0
DA:149,0
DA:150,0
DA:153,0
DA:173,0
DA:189,0
DA:229,0
DA:230,0
DA:238,0
DA:239,0
DA:247,0
DA:248,0
DA:249,0
DA:250,0
DA:251,0
DA:252,0
DA:253,0
DA:255,0
DA:256,0
DA:257,0
DA:258,0
DA:259,0
DA:260,0
DA:261,0
DA:262,0
DA:265,0
DA:276,0
DA:285,0
DA:297,0
DA:382,0
DA:415,0
DA:416,0
DA:427,0
DA:434,0
DA:435,0
DA:446,0
DA:454,0
DA:465,0
DA:474,0
DA:519,0
DA:528,0
DA:551,0
DA:584,0
DA:585,0
DA:596,0
DA:603,0
DA:604,0
DA:615,0
DA:623,0
DA:634,0
DA:643,0
DA:688,0
DA:697,0
DA:726,0
DA:742,0
DA:759,0
DA:789,0
DA:798,0
DA:803,0
DA:812,0
DA:817,0
DA:826,0
DA:855,0
DA:870,0
DA:876,0
DA:886,0
LF:71
LH:0
BRDA:298,0,0,0
BRDA:298,0,1,0
BRDA:369,1,0,0
BRDA:369,1,1,0
BRDA:415,2,0,0
BRDA:415,2,1,0
BRDA:434,3,0,0
BRDA:434,3,1,0
BRDA:520,4,0,0
BRDA:520,4,1,0
BRDA:538,5,0,0
BRDA:538,5,1,0
BRDA:584,6,0,0
BRDA:584,6,1,0
BRDA:603,7,0,0
BRDA:603,7,1,0
BRDA:689,8,0,0
BRDA:689,8,1,0
BRDA:729,9,0,0
BRDA:729,9,1,0
BRDA:737,10,0,0
BRDA:737,10,1,0
BRDA:737,10,2,0
BRDA:752,11,0,0
BRDA:752,11,1,0
BRDA:760,12,0,0
BRDA:760,12,1,0
BRDA:769,13,0,0
BRDA:769,13,1,0
BRDA:846,14,0,0
BRDA:846,14,1,0
BRDA:887,15,0,0
BRDA:887,15,1,0
BRF:33
BRH:0
end_of_record
TN:
SF:C:\xampp\htdocs\gutenberg\wordpress\wp-content\plugins\ResponsiveBlockEditorAddons\src\blocks\call-to-action\components\save.js
FN:19,(anonymous_0)
FN:23,(anonymous_1)
FN:45,(anonymous_2)
FNF:3
FNH:0
FNDA:0,(anonymous_0)
FNDA:0,(anonymous_1)
FNDA:0,(anonymous_2)
DA:13,0
DA:14,0
DA:16,0
DA:20,0
DA:44,0
DA:45,0
DA:46,0
DA:51,0
DA:53,0
DA:54,0
DA:58,0
LF:11
LH:0
BRDA:46,0,0,0
BRDA:46,0,1,0
BRDA:46,1,0,0
BRDA:46,1,1,0
BRDA:53,2,0,0
BRDA:53,2,1,0
BRDA:66,3,0,0
BRDA:66,3,1,0
BRDA:66,3,2,0
BRDA:66,3,3,0
BRDA:81,4,0,0
BRDA:81,4,1,0
BRDA:91,5,0,0
BRDA:91,5,1,0
BRDA:103,6,0,0
BRDA:103,6,1,0
BRDA:106,7,0,0
BRDA:106,7,1,0
BRDA:116,8,0,0
BRDA:116,8,1,0
BRDA:116,8,2,0
BRDA:124,9,0,0
BRDA:124,9,1,0
BRDA:124,9,2,0
BRDA:136,10,0,0
BRDA:136,10,1,0
BRDA:145,11,0,0
BRDA:145,11,1,0
BRDA:145,11,2,0
BRF:29
BRH:0
end_of_record
TN:
SF:C:\xampp\htdocs\gutenberg\wordpress\wp-content\plugins\ResponsiveBlockEditorAddons\src\blocks\card\attributes.js
FNF:0
FNH:0
DA:1,0
DA:2,0
DA:4,0
DA:5,0
DA:16,0
LF:5
LH:0
BRF:0
BRH:0
end_of_record
TN:
SF:C:\xampp\htdocs\gutenberg\wordpress\wp-content\plugins\ResponsiveBlockEditorAddons\src\blocks\card\index.js
FN:54,(anonymous_0)
FN:59,(anonymous_1)
FNF:2
FNH:0
FNDA:0,(anonymous_0)
FNDA:0,(anonymous_1)
DA:18,0
DA:19,0
DA:21,0
DA:23,0
DA:24,0
DA:36,0
DA:39,0
DA:55,0
DA:60,0
LF:9
LH:0
BRF:0
BRH:0
end_of_record
TN:
SF:C:\xampp\htdocs\gutenberg\wordpress\wp-content\plugins\ResponsiveBlockEditorAddons\src\blocks\card\components\edit.js
FN:19,(anonymous_0)
FN:23,(anonymous_1)
FN:33,(anonymous_2)
FN:47,(anonymous_3)
FN:84,(anonymous_4)
FN:95,(anonymous_5)
FN:114,(anonymous_6)
FN:160,(anonymous_7)
FN:180,(anonymous_8)
FN:201,(anonymous_9)
FN:238,(anonymous_10)
FN:271,(anonymous_11)
FN:277,(anonymous_12)
FNF:13
FNH:0
FNDA:0,(anonymous_0)
FNDA:0,(anonymous_1)
FNDA:0,(anonymous_2)
FNDA:0,(anonymous_3)
FNDA:0,(anonymous_4)
FNDA:0,(anonymous_5)
FNDA:0,(anonymous_6)
FNDA:0,(anonymous_7)
FNDA:0,(anonymous_8)
FNDA:0,(anonymous_9)
FNDA:0,(anonymous_10)
FNDA:0,(anonymous_11)
FNDA:0,(anonymous_12)
DA:13,0
DA:14,0
DA:15,0
DA:16,0
DA:20,0
DA:24,0
DA:28,0
DA:29,0
DA:35,0
DA:36,0
DA:39,0
DA:40,0
DA:44,0
DA:70,0
DA:72,0
DA:74,0
DA:76,0
DA:78,0
DA:79,0
DA:82,0
DA:84,0
DA:85,0
DA:90,0
DA:95,0
DA:115,0
DA:161,0
DA:169,0
DA:170,0
DA:181,0
DA:189,0
DA:190,0
DA:202,0
DA:210,0
DA:211,0
DA:239,0
DA:247,0
DA:248,0
DA:271,0
DA:278,0
DA:286,0
DA:287,0
LF:41
LH:0
BRDA:28,0,0,0
BRDA:28,0,1,0
BRDA:28,1,0,0
BRDA:28,1,1,0
BRDA:78,2,0,0
BRDA:78,2,1,0
BRDA:85,3,0,0
BRDA:85,3,1,0
BRDA:85,4,0,0
BRDA:85,4,1,0
BRDA:120,5,0,0
BRDA:120,5,1,0
BRDA:120,5,2,0
BRDA:133,6,0,0
BRDA:133,6,1,0
BRDA:152,7,0,0
BRDA:152,7,1,0
BRDA:153,8,0,0
BRDA:153,8,1,0
BRDA:154,9,0,0
BRDA:154,9,1,0
BRDA:220,10,0,0
BRDA:220,10,1,0
BRDA:220,10,2,0
BRDA:250,11,0,0
BRDA:250,11,1,0
BRDA:251,12,0,0
BRDA:251,12,1,0
BRDA:255,13,0,0
BRDA:255,13,1,0
BRDA:255,13,2,0
BRF:31
BRH:0
end_of_record
TN:
SF:C:\xampp\htdocs\gutenberg\wordpress\wp-content\plugins\ResponsiveBlockEditorAddons\src\blocks\card\components\editor-styles.js
FN:10,EditorStyles
FNF:1
FNH:0
FNDA:0,EditorStyles
DA:139,0
DA:141,0
DA:143,0
DA:144,0
DA:147,0
DA:149,0
DA:150,0
DA:151,0
DA:153,0
DA:154,0
DA:155,0
DA:156,0
DA:157,0
DA:159,0
DA:160,0
DA:162,0
DA:165,0
DA:166,0
DA:175,0
DA:363,0
DA:399,0
DA:435,0
DA:436,0
DA:438,0
DA:439,0
DA:440,0
DA:442,0
LF:27
LH:0
BRDA:143,0,0,0
BRDA:143,0,1,0
BRDA:149,1,0,0
BRDA:149,1,1,0
BRDA:149,2,0,0
BRDA:149,2,1,0
BRDA:156,3,0,0
BRDA:156,3,1,0
BRDA:157,4,0,0
BRDA:157,4,1,0
BRDA:157,5,0,0
BRDA:157,5,1,0
BRDA:159,6,0,0
BRDA:159,6,1,0
BRDA:160,7,0,0
BRDA:160,7,1,0
BRDA:160,8,0,0
BRDA:160,8,1,0
BRDA:165,9,0,0
BRDA:165,9,1,0
BRDA:177,10,0,0
BRDA:177,10,1,0
BRDA:177,11,0,0
BRDA:177,11,1,0
BRDA:182,12,0,0
BRDA:182,12,1,0
BRDA:182,13,0,0
BRDA:182,13,1,0
BRDA:195,14,0,0
BRDA:195,14,1,0
BRDA:196,15,0,0
BRDA:196,15,1,0
BRDA:202,16,0,0
BRDA:202,16,1,0
BRDA:203,17,0,0
BRDA:203,17,1,0
BRDA:206,18,0,0
BRDA:206,18,1,0
BRDA:218,19,0,0
BRDA:218,19,1,0
BRDA:218,20,0,0
BRDA:218,20,1,0
BRDA:219,21,0,0
BRDA:219,21,1,0
BRDA:219,22,0,0
BRDA:219,22,1,0
BRDA:220,23,0,0
BRDA:220,23,1,0
BRDA:220,24,0,0
BRDA:220,24,1,0
BRDA:221,25,0,0
BRDA:221,25,1,0
BRDA:221,26,0,0
BRDA:221,26,1,0
BRDA:224,27,0,0
BRDA:224,27,1,0
BRDA:225,28,0,0
BRDA:225,28,1,0
BRDA:225,29,0,0
BRDA:225,29,1,0
BRDA:225,30,0,0
BRDA:225,30,1,0
BRDA:225,31,0,0
BRDA:225,31,1,0
BRDA:225,32,0,0
BRDA:225,32,1,0
BRDA:225,33,0,0
BRDA:225,33,1,0
BRDA:228,34,0,0
BRDA:228,34,1,0
BRDA:252,35,0,0
BRDA:252,35,1,0
BRDA:273,36,0,0
BRDA:273,36,1,0
BRDA:277,37,0,0
BRDA:277,37,1,0
BRDA:282,38,0,0
BRDA:282,38,1,0
BRDA:286,39,0,0
BRDA:286,39,1,0
BRDA:291,40,0,0
BRDA:291,40,1,0
BRDA:295,41,0,0
BRDA:295,41,1,0
BRDA:300,42,0,0
BRDA:300,42,1,0
BRDA:304,43,0,0
BRDA:304,43,1,0
BRDA:343,44,0,0
BRDA:343,44,1,0
BRDA:343,45,0,0
BRDA:343,45,1,0
BRDA:344,46,0,0
BRDA:344,46,1,0
BRDA:344,47,0,0
BRDA:344,47,1,0
BRDA:345,48,0,0
BRDA:345,48,1,0
BRDA:345,49,0,0
BRDA:345,49,1,0
BRDA:346,50,0,0
BRDA:346,50,1,0
BRDA:346,51,0,0
BRDA:346,51,1,0
BRDA:351,52,0,0
BRDA:351,52,1,0
BRDA:351,53,0,0
BRDA:351,53,1,0
BRDA:351,54,0,0
BRDA:351,54,1,0
BRDA:353,55,0,0
BRDA:353,55,1,0
BRDA:353,56,0,0
BRDA:353,56,1,0
BRDA:353,57,0,0
BRDA:353,57,1,0
BRDA:356,58,0,0
BRDA:356,58,1,0
BRDA:356,59,0,0
BRDA:356,59,1,0
BRDA:356,60,0,0
BRDA:356,60,1,0
BRF:122
BRH:0
end_of_record
TN:
SF:C:\xampp\htdocs\gutenberg\wordpress\wp-content\plugins\ResponsiveBlockEditorAddons\src\blocks\card\components\inspector.js
FN:50,(anonymous_0)
FN:70,(anonymous_1)
FN:85,(anonymous_2)
FN:100,(anonymous_3)
FN:104,(anonymous_4)
FN:119,(anonymous_5)
FN:136,(anonymous_6)
FN:145,(anonymous_7)
FN:163,(anonymous_8)
FN:172,(anonymous_9)
FN:188,(anonymous_10)
FN:194,(anonymous_11)
FN:210,(anonymous_12)
FN:216,(anonymous_13)
FN:232,(anonymous_14)
FN:238,(anonymous_15)
FN:254,(anonymous_16)
FN:468,(anonymous_17)
FN:483,(anonymous_18)
FN:488,(anonymous_19)
FN:500,(anonymous_20)
FN:515,(anonymous_21)
FN:516,(anonymous_22)
FN:541,(anonymous_23)
FN:549,(anonymous_24)
FN:593,(anonymous_25)
FN:602,(anonymous_26)
FN:619,(anonymous_27)
FN:640,(anonymous_28)
FN:681,(anonymous_29)
FN:723,(anonymous_30)
FN:765,(anonymous_31)
FN:802,(anonymous_32)
FN:809,(anonymous_33)
FN:870,(anonymous_34)
FN:893,(anonymous_35)
FN:912,(anonymous_36)
FN:931,(anonymous_37)
FN:940,(anonymous_38)
FN:970,(anonymous_39)
FN:996,(anonymous_40)
FN:1000,(anonymous_41)
FN:1077,(anonymous_42)
FN:1084,(anonymous_43)
FN:1101,(anonymous_44)
FN:1115,(anonymous_45)
FNF:46
FNH:0
FNDA:0,(anonymous_0)
FNDA:0,(anonymous_1)
FNDA:0,(anonymous_2)
FNDA:0,(anonymous_3)
FNDA:0,(anonymous_4)
FNDA:0,(anonymous_5)
FNDA:0,(anonymous_6)
FNDA:0,(anonymous_7)
FNDA:0,(anonymous_8)
FNDA:0,(anonymous_9)
FNDA:0,(anonymous_10)
FNDA:0,(anonymous_11)
FNDA:0,(anonymous_12)
FNDA:0,(anonymous_13)
FNDA:0,(anonymous_14)
FNDA:0,(anonymous_15)
FNDA:0,(anonymous_16)
FNDA:0,(anonymous_17)
FNDA:0,(anonymous_18)
FNDA:0,(anonymous_19)
FNDA:0,(anonymous_20)
FNDA:0,(anonymous_21)
FNDA:0,(anonymous_22)
FNDA:0,(anonymous_23)
FNDA:0,(anonymous_24)
FNDA:0,(anonymous_25)
FNDA:0,(anonymous_26)
FNDA:0,(anonymous_27)
FNDA:0,(anonymous_28)
FNDA:0,(anonymous_29)
FNDA:0,(anonymous_30)
FNDA:0,(anonymous_31)
FNDA:0,(anonymous_32)
FNDA:0,(anonymous_33)
FNDA:0,(anonymous_34)
FNDA:0,(anonymous_35)
FNDA:0,(anonymous_36)
FNDA:0,(anonymous_37)
FNDA:0,(anonymous_38)
FNDA:0,(anonymous_39)
FNDA:0,(anonymous_40)
FNDA:0,(anonymous_41)
FNDA:0,(anonymous_42)
FNDA:0,(anonymous_43)
FNDA:0,(anonymous_44)
FNDA:0,(anonymous_45)
DA:23,0
DA:24,0
DA:32,0
DA:42,0
DA:44,0
DA:51,0
DA:52,0
DA:53,0
DA:55,0
DA:56,0
DA:58,0
DA:59,0
DA:61,0
DA:62,0
DA:64,0
DA:65,0
DA:71,0
DA:72,0
DA:74,0
DA:75,0
DA:76,0
DA:78,0
DA:81,0
DA:82,0
DA:85,0
DA:86,0
DA:87,0
DA:89,0
DA:92,0
DA:101,0
DA:102,0
DA:104,0
DA:105,0
DA:106,0
DA:108,0
DA:111,0
DA:120,0
DA:122,0
DA:123,0
DA:124,0
DA:125,0
DA:127,0
DA:130,0
DA:137,0
DA:139,0
DA:146,0
DA:148,0
DA:149,0
DA:150,0
DA:153,0
DA:154,0
DA:157,0
DA:164,0
DA:166,0
DA:173,0
DA:174,0
DA:176,0
DA:177,0
DA:178,0
DA:181,0
DA:182,0
DA:185,0
DA:189,0
DA:191,0
DA:195,0
DA:196,0
DA:198,0
DA:199,0
DA:200,0
DA:203,0
DA:204,0
DA:207,0
DA:211,0
DA:213,0
DA:217,0
DA:218,0
DA:220,0
DA:221,0
DA:222,0
DA:225,0
DA:226,0
DA:229,0
DA:233,0
DA:235,0
DA:239,0
DA:240,0
DA:242,0
DA:243,0
DA:244,0
DA:247,0
DA:248,0
DA:251,0
DA:383,0
DA:386,0
DA:426,0
DA:446,0
DA:455,0
DA:468,0
DA:469,0
DA:470,0
DA:471,0
DA:473,0
DA:484,0
DA:489,0
DA:501,0
DA:515,0
DA:516,0
DA:517,0
DA:520,0
DA:530,0
DA:542,0
DA:543,0
DA:544,0
DA:549,0
DA:550,0
DA:559,0
DA:561,0
DA:564,0
DA:565,0
DA:566,0
DA:568,0
DA:570,0
DA:593,0
DA:603,0
DA:620,0
DA:641,0
DA:682,0
DA:724,0
DA:766,0
DA:802,0
DA:809,0
DA:870,0
DA:893,0
DA:913,0
DA:931,0
DA:941,0
DA:971,0
DA:996,0
DA:1001,0
DA:1077,0
DA:1084,0
DA:1101,0
DA:1115,0
LF:143
LH:0
BRDA:75,0,0,0
BRDA:75,0,1,0
BRDA:75,1,0,0
BRDA:75,1,1,0
BRDA:81,2,0,0
BRDA:81,2,1,0
BRDA:81,3,0,0
BRDA:81,3,1,0
BRDA:86,4,0,0
BRDA:86,4,1,0
BRDA:105,5,0,0
BRDA:105,5,1,0
BRDA:123,6,0,0
BRDA:123,6,1,0
BRDA:124,7,0,0
BRDA:124,7,1,0
BRDA:124,8,0,0
BRDA:124,8,1,0
BRDA:148,9,0,0
BRDA:148,9,1,0
BRDA:148,10,0,0
BRDA:148,10,1,0
BRDA:153,11,0,0
BRDA:153,11,1,0
BRDA:153,12,0,0
BRDA:153,12,1,0
BRDA:176,13,0,0
BRDA:176,13,1,0
BRDA:176,14,0,0
BRDA:176,14,1,0
BRDA:181,15,0,0
BRDA:181,15,1,0
BRDA:181,16,0,0
BRDA:181,16,1,0
BRDA:198,17,0,0
BRDA:198,17,1,0
BRDA:198,18,0,0
BRDA:198,18,1,0
BRDA:203,19,0,0
BRDA:203,19,1,0
BRDA:203,20,0,0
BRDA:203,20,1,0
BRDA:220,21,0,0
BRDA:220,21,1,0
BRDA:220,22,0,0
BRDA:220,22,1,0
BRDA:225,23,0,0
BRDA:225,23,1,0
BRDA:225,24,0,0
BRDA:225,24,1,0
BRDA:242,25,0,0
BRDA:242,25,1,0
BRDA:242,26,0,0
BRDA:242,26,1,0
BRDA:247,27,0,0
BRDA:247,27,1,0
BRDA:247,28,0,0
BRDA:247,28,1,0
BRDA:470,29,0,0
BRDA:470,29,1,0
BRDA:470,30,0,0
BRDA:470,30,1,0
BRDA:494,31,0,0
BRDA:494,31,1,0
BRDA:494,31,2,0
BRDA:494,31,3,0
BRDA:543,32,0,0
BRDA:543,32,1,0
BRDA:604,33,0,0
BRDA:604,33,1,0
BRDA:623,34,0,0
BRDA:623,34,1,0
BRDA:642,35,0,0
BRDA:642,35,1,0
BRDA:654,36,0,0
BRDA:654,36,1,0
BRDA:665,37,0,0
BRDA:665,37,1,0
BRDA:683,38,0,0
BRDA:683,38,1,0
BRDA:695,39,0,0
BRDA:695,39,1,0
BRDA:707,40,0,0
BRDA:707,40,1,0
BRDA:707,40,2,0
BRDA:725,41,0,0
BRDA:725,41,1,0
BRDA:737,42,0,0
BRDA:737,42,1,0
BRDA:749,43,0,0
BRDA:749,43,1,0
BRDA:767,44,0,0
BRDA:767,44,1,0
BRDA:779,45,0,0
BRDA:779,45,1,0
BRDA:794,46,0,0
BRDA:794,46,1,0
BRDA:914,47,0,0
BRDA:914,47,1,0
BRDA:934,48,0,0
BRDA:934,48,1,0
BRDA:942,49,0,0
BRDA:942,49,1,0
BRDA:951,50,0,0
BRDA:951,50,1,0
BRDA:959,51,0,0
BRDA:959,51,1,0
BRDA:972,52,0,0
BRDA:972,52,1,0
BRF:109
BRH:0
end_of_record
TN:
SF:C:\xampp\htdocs\gutenberg\wordpress\wp-content\plugins\ResponsiveBlockEditorAddons\src\blocks\card\components\save.js
FN:19,(anonymous_0)
FN:23,(anonymous_1)
FN:48,(anonymous_2)
FN:67,(anonymous_3)
FNF:4
FNH:0
FNDA:0,(anonymous_0)
FNDA:0,(anonymous_1)
FNDA:0,(anonymous_2)
FNDA:0,(anonymous_3)
DA:12,0
DA:13,0
DA:14,0
DA:16,0
DA:20,0
DA:40,0
DA:42,0
DA:44,0
DA:45,0
DA:48,0
DA:49,0
DA:54,0
DA:68,0
LF:13
LH:0
BRDA:44,0,0,0
BRDA:44,0,1,0
BRDA:49,1,0,0
BRDA:49,1,1,0
BRDA:49,2,0,0
BRDA:49,2,1,0
BRDA:73,3,0,0
BRDA:73,3,1,0
BRDA:73,3,2,0
BRDA:86,4,0,0
BRDA:86,4,1,0
BRDA:126,5,0,0
BRDA:126,5,1,0
BRDA:126,5,2,0
BRDA:138,6,0,0
BRDA:138,6,1,0
BRDA:139,7,0,0
BRDA:139,7,1,0
BRDA:144,8,0,0
BRDA:144,8,1,0
BRDA:144,8,2,0
BRF:21
BRH:0
end_of_record
TN:
SF:C:\xampp\htdocs\gutenberg\wordpress\wp-content\plugins\ResponsiveBlockEditorAddons\src\blocks\content-timeline\attributes.js
FNF:0
FNH:0
DA:1,0
DA:2,0
DA:3,0
DA:4,0
DA:6,0
DA:7,0
DA:13,0
DA:14,0
DA:15,0
DA:16,0
DA:17,0
DA:19,0
DA:20,0
DA:23,0
DA:24,0
DA:27,0
DA:28,0
DA:30,0
DA:35,0
LF:19
LH:0
BRDA:19,0,0,0
BRDA:19,0,1,0
BRDA:23,1,0,0
BRDA:23,1,1,0
BRF:4
BRH:0
end_of_record
TN:
SF:C:\xampp\htdocs\gutenberg\wordpress\wp-content\plugins\ResponsiveBlockEditorAddons\src\blocks\content-timeline\frontend.js
FN:4,(anonymous_0)
FN:11,responsiveTimelineInit
FN:14,(anonymous_2)
FNF:3
FNH:0
FNDA:0,(anonymous_0)
FNDA:0,responsiveTimelineInit
FNDA:0,(anonymous_2)
DA:4,0
DA:6,0
DA:7,0
DA:8,0
DA:12,0
DA:13,0
DA:14,0
DA:15,0
DA:16,0
DA:17,0
DA:18,0
DA:19,0
DA:21,0
DA:22,0
DA:23,0
DA:25,0
DA:26,0
DA:29,0
DA:30,0
DA:32,0
DA:33,0
DA:34,0
DA:35,0
DA:36,0
DA:38,0
DA:39,0
DA:40,0
DA:41,0
DA:43,0
DA:44,0
DA:47,0
DA:48,0
DA:50,0
DA:51,0
DA:52,0
DA:53,0
DA:54,0
DA:55,0
DA:57,0
DA:58,0
DA:60,0
DA:63,0
DA:64,0
DA:68,0
DA:70,0
DA:71,0
DA:75,0
DA:76,0
DA:77,0
DA:80,0
DA:82,0
DA:85,0
DA:86,0
DA:95,0
DA:96,0
DA:98,0
DA:99,0
DA:100,0
DA:101,0
DA:102,0
DA:104,0
DA:105,0
DA:107,0
DA:108,0
DA:109,0
DA:112,0
DA:113,0
DA:116,0
DA:118,0
DA:121,0
DA:124,0
DA:127,0
LF:72
LH:0
BRDA:13,0,0,0
BRDA:13,0,1,0
BRDA:29,1,0,0
BRDA:29,1,1,0
BRDA:34,2,0,0
BRDA:34,2,1,0
BRDA:39,3,0,0
BRDA:39,3,1,0
BRDA:57,4,0,0
BRDA:57,4,1,0
BRDA:63,5,0,0
BRDA:63,5,1,0
BRDA:64,6,0,0
BRDA:64,6,1,0
BRDA:70,7,0,0
BRDA:70,7,1,0
BRDA:75,8,0,0
BRDA:75,8,1,0
BRDA:76,9,0,0
BRDA:76,9,1,0
BRDA:85,10,0,0
BRDA:85,10,1,0
BRDA:107,11,0,0
BRDA:107,11,1,0
BRDA:116,12,0,0
BRDA:116,12,1,0
BRF:26
BRH:0
end_of_record
TN:
SF:C:\xampp\htdocs\gutenberg\wordpress\wp-content\plugins\ResponsiveBlockEditorAddons\src\blocks\content-timeline\index.js
FN:73,(anonymous_0)
FN:78,(anonymous_1)
FNF:2
FNH:0
FNDA:0,(anonymous_0)
FNDA:0,(anonymous_1)
DA:18,0
DA:19,0
DA:21,0
DA:22,0
DA:24,0
DA:25,0
DA:31,0
DA:32,0
DA:33,0
DA:34,0
DA:35,0
DA:37,0
DA:38,0
DA:41,0
DA:42,0
DA:45,0
DA:46,0
DA:48,0
DA:54,0
DA:57,0
DA:74,0
DA:79,0
LF:22
LH:0
BRDA:37,0,0,0
BRDA:37,0,1,0
BRDA:41,1,0,0
BRDA:41,1,1,0
BRF:4
BRH:0
end_of_record
TN:
SF:C:\xampp\htdocs\gutenberg\wordpress\wp-content\plugins\ResponsiveBlockEditorAddons\src\blocks\content-timeline\components\align-classes.js
FN:6,AlignClass
FNF:1
FNH:0
FNDA:0,AlignClass
DA:7,0
DA:8,0
DA:9,0
DA:10,0
DA:11,0
DA:12,0
DA:13,0
DA:14,0
DA:16,0
DA:20,0
LF:10
LH:0
BRDA:8,0,0,0
BRDA:8,0,1,0
BRDA:10,1,0,0
BRDA:10,1,1,0
BRDA:12,2,0,0
BRDA:12,2,1,0
BRDA:13,3,0,0
BRDA:13,3,1,0
BRF:8
BRH:0
end_of_record
TN:
SF:C:\xampp\htdocs\gutenberg\wordpress\wp-content\plugins\ResponsiveBlockEditorAddons\src\blocks\content-timeline\components\classes.js
FN:5,ContentTmClasses
FNF:1
FNH:0
FNDA:0,ContentTmClasses
DA:7,0
DA:8,0
DA:9,0
DA:10,0
DA:11,0
DA:15,0
DA:16,0
DA:17,0
DA:18,0
DA:19,0
DA:21,0
DA:22,0
DA:27,0
LF:13
LH:0
BRDA:8,0,0,0
BRDA:8,0,1,0
BRDA:10,1,0,0
BRDA:10,1,1,0
BRDA:16,2,0,0
BRDA:16,2,1,0
BRDA:18,3,0,0
BRDA:18,3,1,0
BRF:8
BRH:0
end_of_record
TN:
SF:C:\xampp\htdocs\gutenberg\wordpress\wp-content\plugins\ResponsiveBlockEditorAddons\src\blocks\content-timeline\components\day-align-classes.js
FN:5,DayAlignClass
FNF:1
FNH:0
FNDA:0,DayAlignClass
DA:6,0
DA:8,0
DA:9,0
DA:11,0
DA:12,0
DA:14,0
DA:15,0
DA:16,0
DA:19,0
DA:24,0
LF:10
LH:0
BRDA:8,0,0,0
BRDA:8,0,1,0
BRDA:11,1,0,0
BRDA:11,1,1,0
BRDA:14,2,0,0
BRDA:14,2,1,0
BRDA:15,3,0,0
BRDA:15,3,1,0
BRF:8
BRH:0
end_of_record
TN:
SF:C:\xampp\htdocs\gutenberg\wordpress\wp-content\plugins\ResponsiveBlockEditorAddons\src\blocks\content-timeline\components\edit.js
FN:26,(anonymous_0)
FN:29,(anonymous_1)
FN:38,(anonymous_2)
FN:52,(anonymous_3)
FN:64,(anonymous_4)
FN:69,(anonymous_5)
FN:193,(anonymous_6)
FN:248,(anonymous_7)
FN:307,(anonymous_8)
FN:321,(anonymous_9)
FN:332,(anonymous_10)
FN:341,(anonymous_11)
FN:352,(anonymous_12)
FNF:13
FNH:0
FNDA:0,(anonymous_0)
FNDA:0,(anonymous_1)
FNDA:0,(anonymous_2)
FNDA:0,(anonymous_3)
FNDA:0,(anonymous_4)
FNDA:0,(anonymous_5)
FNDA:0,(anonymous_6)
FNDA:0,(anonymous_7)
FNDA:0,(anonymous_8)
FNDA:0,(anonymous_9)
FNDA:0,(anonymous_10)
FNDA:0,(anonymous_11)
FNDA:0,(anonymous_12)
DA:15,0
DA:16,0
DA:17,0
DA:18,0
DA:20,0
DA:23,0
DA:27,0
DA:31,0
DA:32,0
DA:34,0
DA:35,0
DA:36,0
DA:37,0
DA:38,0
DA:39,0
DA:43,0
DA:44,0
DA:49,0
DA:53,0
DA:54,0
DA:58,0
DA:59,0
DA:61,0
DA:62,0
DA:63,0
DA:64,0
DA:65,0
DA:70,0
DA:71,0
DA:72,0
DA:73,0
DA:74,0
DA:75,0
DA:76,0
DA:77,0
DA:78,0
DA:79,0
DA:81,0
DA:82,0
DA:84,0
DA:86,0
DA:87,0
DA:89,0
DA:90,0
DA:91,0
DA:92,0
DA:93,0
DA:95,0
DA:96,0
DA:97,0
DA:98,0
DA:99,0
DA:100,0
DA:103,0
DA:104,0
DA:107,0
DA:109,0
DA:110,0
DA:112,0
DA:114,0
DA:116,0
DA:118,0
DA:119,0
DA:121,0
DA:124,0
DA:125,0
DA:129,0
DA:131,0
DA:132,0
DA:136,0
DA:137,0
DA:138,0
DA:141,0
DA:143,0
DA:146,0
DA:147,0
DA:156,0
DA:157,0
DA:159,0
DA:160,0
DA:161,0
DA:162,0
DA:163,0
DA:165,0
DA:166,0
DA:168,0
DA:169,0
DA:170,0
DA:173,0
DA:174,0
DA:177,0
DA:179,0
DA:182,0
DA:185,0
DA:186,0
DA:214,0
DA:216,0
DA:218,0
DA:220,0
DA:221,0
DA:222,0
DA:223,0
DA:224,0
DA:226,0
DA:228,0
DA:249,0
DA:250,0
DA:251,0
DA:252,0
DA:256,0
DA:260,0
DA:263,0
DA:308,0
DA:313,0
DA:314,0
DA:322,0
DA:323,0
DA:332,0
DA:342,0
DA:347,0
DA:348,0
DA:352,0
LF:122
LH:0
BRDA:58,0,0,0
BRDA:58,0,1,0
BRDA:58,1,0,0
BRDA:58,1,1,0
BRDA:75,2,0,0
BRDA:75,2,1,0
BRDA:86,3,0,0
BRDA:86,3,1,0
BRDA:91,4,0,0
BRDA:91,4,1,0
BRDA:96,5,0,0
BRDA:96,5,1,0
BRDA:118,6,0,0
BRDA:118,6,1,0
BRDA:124,7,0,0
BRDA:124,7,1,0
BRDA:125,8,0,0
BRDA:125,8,1,0
BRDA:131,9,0,0
BRDA:131,9,1,0
BRDA:136,10,0,0
BRDA:136,10,1,0
BRDA:137,11,0,0
BRDA:137,11,1,0
BRDA:146,12,0,0
BRDA:146,12,1,0
BRDA:168,13,0,0
BRDA:168,13,1,0
BRDA:177,14,0,0
BRDA:177,14,1,0
BRDA:250,15,0,0
BRDA:250,15,1,0
BRDA:283,16,0,0
BRDA:283,16,1,0
BRDA:284,17,0,0
BRDA:284,17,1,0
BRDA:286,18,0,0
BRDA:286,18,1,0
BRDA:289,19,0,0
BRDA:289,19,1,0
BRDA:289,19,2,0
BRDA:320,20,0,0
BRDA:320,20,1,0
BRDA:363,21,0,0
BRDA:363,21,1,0
BRDA:365,22,0,0
BRDA:365,22,1,0
BRDA:365,22,2,0
BRF:48
BRH:0
end_of_record
TN:
SF:C:\xampp\htdocs\gutenberg\wordpress\wp-content\plugins\ResponsiveBlockEditorAddons\src\blocks\content-timeline\components\editor-styles.js
FN:9,EditorStyles
FNF:1
FNH:0
FNDA:0,EditorStyles
DA:62,0
DA:64,0
DA:66,0
DA:68,0
DA:190,0
DA:226,0
DA:262,0
DA:263,0
DA:265,0
DA:266,0
DA:267,0
DA:269,0
LF:12
LH:0
BRDA:140,0,0,0
BRDA:140,0,1,0
BRDA:140,1,0,0
BRDA:140,1,1,0
BRDA:180,2,0,0
BRDA:180,2,1,0
BRDA:184,3,0,0
BRDA:184,3,1,0
BRF:8
BRH:0
end_of_record
TN:
SF:C:\xampp\htdocs\gutenberg\wordpress\wp-content\plugins\ResponsiveBlockEditorAddons\src\blocks\content-timeline\components\inspector.js
FN:41,(anonymous_0)
FN:45,(anonymous_1)
FN:49,(anonymous_2)
FN:53,(anonymous_3)
FN:66,(anonymous_4)
FN:212,(anonymous_5)
FN:213,(anonymous_6)
FN:215,(anonymous_7)
FN:217,(anonymous_8)
FN:244,(anonymous_9)
FN:253,(anonymous_10)
FN:264,(anonymous_11)
FN:291,(anonymous_12)
FN:324,(anonymous_13)
FN:345,(anonymous_14)
FN:361,(anonymous_15)
FN:377,(anonymous_16)
FN:396,(anonymous_17)
FN:406,(anonymous_18)
FN:431,(anonymous_19)
FN:436,(anonymous_20)
FN:447,(anonymous_21)
FN:466,(anonymous_22)
FN:476,(anonymous_23)
FN:488,(anonymous_24)
FN:500,(anonymous_25)
FN:529,(anonymous_26)
FN:539,(anonymous_27)
FN:547,(anonymous_28)
FN:553,(anonymous_29)
FN:559,(anonymous_30)
FN:574,(anonymous_31)
FN:580,(anonymous_32)
FN:586,(anonymous_33)
FN:592,(anonymous_34)
FN:729,(anonymous_35)
FNF:36
FNH:0
FNDA:0,(anonymous_0)
FNDA:0,(anonymous_1)
FNDA:0,(anonymous_2)
FNDA:0,(anonymous_3)
FNDA:0,(anonymous_4)
FNDA:0,(anonymous_5)
FNDA:0,(anonymous_6)
FNDA:0,(anonymous_7)
FNDA:0,(anonymous_8)
FNDA:0,(anonymous_9)
FNDA:0,(anonymous_10)
FNDA:0,(anonymous_11)
FNDA:0,(anonymous_12)
FNDA:0,(anonymous_13)
FNDA:0,(anonymous_14)
FNDA:0,(anonymous_15)
FNDA:0,(anonymous_16)
FNDA:0,(anonymous_17)
FNDA:0,(anonymous_18)
FNDA:0,(anonymous_19)
FNDA:0,(anonymous_20)
FNDA:0,(anonymous_21)
FNDA:0,(anonymous_22)
FNDA:0,(anonymous_23)
FNDA:0,(anonymous_24)
FNDA:0,(anonymous_25)
FNDA:0,(anonymous_26)
FNDA:0,(anonymous_27)
FNDA:0,(anonymous_28)
FNDA:0,(anonymous_29)
FNDA:0,(anonymous_30)
FNDA:0,(anonymous_31)
FNDA:0,(anonymous_32)
FNDA:0,(anonymous_33)
FNDA:0,(anonymous_34)
FNDA:0,(anonymous_35)
DA:19,0
DA:20,0
DA:21,0
DA:24,0
DA:35,0
DA:36,0
DA:42,0
DA:43,0
DA:46,0
DA:50,0
DA:51,0
DA:53,0
DA:54,0
DA:55,0
DA:58,0
DA:61,0
DA:132,0
DA:135,0
DA:174,0
DA:209,0
DA:212,0
DA:213,0
DA:214,0
DA:215,0
DA:216,0
DA:217,0
DA:218,0
DA:221,0
DA:233,0
DA:245,0
DA:246,0
DA:248,0
DA:249,0
DA:253,0
DA:254,0
DA:260,0
DA:264,0
DA:265,0
DA:273,0
DA:275,0
DA:276,0
DA:277,0
DA:278,0
DA:280,0
DA:282,0
DA:291,0
DA:325,0
DA:345,0
DA:362,0
DA:378,0
DA:397,0
DA:406,0
DA:432,0
DA:437,0
DA:448,0
DA:467,0
DA:477,0
DA:489,0
DA:501,0
DA:531,0
DA:532,0
DA:540,0
DA:548,0
DA:554,0
DA:560,0
DA:567,0
DA:575,0
DA:581,0
DA:587,0
DA:593,0
DA:600,0
DA:730,0
LF:72
LH:0
BRDA:54,0,0,0
BRDA:54,0,1,0
BRDA:248,1,0,0
BRDA:248,1,1,0
BRDA:379,2,0,0
BRDA:379,2,1,0
BRDA:402,3,0,0
BRDA:402,3,1,0
BRDA:430,4,0,0
BRDA:430,4,1,0
BRDA:443,5,0,0
BRDA:443,5,1,0
BRDA:443,5,2,0
BRDA:449,6,0,0
BRDA:449,6,1,0
BRDA:467,7,0,0
BRDA:467,7,1,0
BRDA:478,8,0,0
BRDA:478,8,1,0
BRDA:490,9,0,0
BRDA:490,9,1,0
BRDA:502,10,0,0
BRDA:502,10,1,0
BRDA:531,11,0,0
BRDA:531,11,1,0
BRDA:730,12,0,0
BRDA:730,12,1,0
BRF:27
BRH:0
end_of_record
TN:
SF:C:\xampp\htdocs\gutenberg\wordpress\wp-content\plugins\ResponsiveBlockEditorAddons\src\blocks\content-timeline\components\save.js
FN:20,(anonymous_0)
FN:24,(anonymous_1)
FN:67,(anonymous_2)
FNF:3
FNH:0
FNDA:0,(anonymous_0)
FNDA:0,(anonymous_1)
FNDA:0,(anonymous_2)
DA:14,0
DA:15,0
DA:16,0
DA:17,0
DA:21,0
DA:37,0
DA:38,0
DA:39,0
DA:40,0
DA:42,0
DA:43,0
DA:44,0
DA:46,0
DA:48,0
DA:68,0
DA:69,0
DA:72,0
DA:73,0
DA:74,0
DA:75,0
DA:79,0
DA:83,0
DA:85,0
DA:87,0
DA:88,0
DA:89,0
DA:90,0
DA:91,0
DA:92,0
DA:95,0
LF:30
LH:0
BRDA:68,0,0,0
BRDA:68,0,1,0
BRDA:73,1,0,0
BRDA:73,1,1,0
BRDA:89,2,0,0
BRDA:89,2,1,0
BRDA:91,3,0,0
BRDA:91,3,1,0
BRDA:116,4,0,0
BRDA:116,4,1,0
BRDA:116,4,2,0
BRDA:148,5,0,0
BRDA:148,5,1,0
BRDA:150,6,0,0
BRDA:150,6,1,0
BRDA:150,6,2,0
BRF:16
BRH:0
end_of_record
TN:
SF:C:\xampp\htdocs\gutenberg\wordpress\wp-content\plugins\ResponsiveBlockEditorAddons\src\blocks\count-down\attributes.js
FNF:0
FNH:0
DA:1,0
LF:1
LH:0
BRF:0
BRH:0
end_of_record
TN:
SF:C:\xampp\htdocs\gutenberg\wordpress\wp-content\plugins\ResponsiveBlockEditorAddons\src\blocks\count-down\frontend.js
FN:1,(anonymous_0)
FN:11,(anonymous_1)
FN:52,(anonymous_2)
FNF:3
FNH:0
FNDA:0,(anonymous_0)
FNDA:0,(anonymous_1)
FNDA:0,(anonymous_2)
DA:1,0
DA:2,0
DA:5,0
DA:8,0
DA:9,0
DA:11,0
DA:12,0
DA:13,0
DA:14,0
DA:15,0
DA:16,0
DA:17,0
DA:19,0
DA:20,0
DA:21,0
DA:22,0
DA:23,0
DA:26,0
DA:29,0
DA:32,0
DA:35,0
DA:39,0
DA:42,0
DA:43,0
DA:44,0
DA:45,0
DA:47,0
DA:48,0
DA:52,0
DA:53,0
LF:30
LH:0
BRDA:5,0,0,0
BRDA:5,0,1,0
BRDA:42,1,0,0
BRDA:42,1,1,0
BRDA:42,2,0,0
BRDA:42,2,1,0
BRDA:43,3,0,0
BRDA:43,3,1,0
BRDA:43,4,0,0
BRDA:43,4,1,0
BRDA:44,5,0,0
BRDA:44,5,1,0
BRDA:44,6,0,0
BRDA:44,6,1,0
BRDA:45,7,0,0
BRDA:45,7,1,0
BRDA:45,8,0,0
BRDA:45,8,1,0
BRDA:47,9,0,0
BRDA:47,9,1,0
BRF:20
BRH:0
end_of_record
TN:
SF:C:\xampp\htdocs\gutenberg\wordpress\wp-content\plugins\ResponsiveBlockEditorAddons\src\blocks\count-down\index.js
FNF:0
FNH:0
DA:19,0
DA:22,0
DA:25,0
LF:3
LH:0
BRF:0
BRH:0
end_of_record
TN:
SF:C:\xampp\htdocs\gutenberg\wordpress\wp-content\plugins\ResponsiveBlockEditorAddons\src\blocks\count-down\components\box-container.js
FN:3,(anonymous_0)
FNF:1
FNH:0
FNDA:0,(anonymous_0)
DA:3,0
DA:4,0
LF:2
LH:0
BRF:0
BRH:0
end_of_record
TN:
SF:C:\xampp\htdocs\gutenberg\wordpress\wp-content\plugins\ResponsiveBlockEditorAddons\src\blocks\count-down\components\box.js
FN:3,(anonymous_0)
FNF:1
FNH:0
FNDA:0,(anonymous_0)
DA:3,0
DA:9,0
LF:2
LH:0
BRF:0
BRH:0
end_of_record
TN:
SF:C:\xampp\htdocs\gutenberg\wordpress\wp-content\plugins\ResponsiveBlockEditorAddons\src\blocks\count-down\components\deprecated.js
FN:9,(anonymous_0)
FN:67,(anonymous_1)
FNF:2
FNH:0
FNDA:0,(anonymous_0)
FNDA:0,(anonymous_1)
DA:5,0
DA:24,0
DA:26,0
DA:27,0
DA:29,0
DA:83,0
DA:85,0
DA:86,0
DA:88,0
LF:9
LH:0
BRDA:35,0,0,0
BRDA:35,0,1,0
BRDA:94,1,0,0
BRDA:94,1,1,0
BRDA:96,2,0,0
BRDA:96,2,1,0
BRDA:102,3,0,0
BRDA:102,3,1,0
BRDA:108,4,0,0
BRDA:108,4,1,0
BRDA:114,5,0,0
BRDA:114,5,1,0
BRF:12
BRH:0
end_of_record
TN:
SF:C:\xampp\htdocs\gutenberg\wordpress\wp-content\plugins\ResponsiveBlockEditorAddons\src\blocks\count-down\components\edit.js
FN:17,(anonymous_0)
FN:27,(anonymous_1)
FN:37,(anonymous_2)
FN:54,(anonymous_3)
FNF:4
FNH:0
FNDA:0,(anonymous_0)
FNDA:0,(anonymous_1)
FNDA:0,(anonymous_2)
FNDA:0,(anonymous_3)
DA:18,0
DA:21,0
DA:22,0
DA:23,0
DA:28,0
DA:32,0
DA:33,0
DA:39,0
DA:40,0
DA:42,0
DA:43,0
DA:46,0
DA:47,0
DA:51,0
DA:55,0
DA:72,0
DA:74,0
LF:17
LH:0
BRDA:21,0,0,0
BRDA:21,0,1,0
BRDA:32,1,0,0
BRDA:32,1,1,0
BRDA:32,2,0,0
BRDA:32,2,1,0
BRDA:39,3,0,0
BRDA:39,3,1,0
BRDA:75,4,0,0
BRDA:75,4,1,0
BRDA:82,5,0,0
BRDA:82,5,1,0
BRDA:88,6,0,0
BRDA:88,6,1,0
BRDA:94,7,0,0
BRDA:94,7,1,0
BRDA:100,8,0,0
BRDA:100,8,1,0
BRF:18
BRH:0
end_of_record
TN:
SF:C:\xampp\htdocs\gutenberg\wordpress\wp-content\plugins\ResponsiveBlockEditorAddons\src\blocks\count-down\components\editor-styles.js
FN:8,EditorStyles
FNF:1
FNH:0
FNDA:0,EditorStyles
DA:117,0
DA:119,0
DA:120,0
DA:121,0
DA:124,0
DA:125,0
DA:126,0
DA:127,0
DA:129,0
DA:131,0
DA:207,0
DA:270,0
DA:323,0
DA:324,0
DA:326,0
DA:327,0
DA:328,0
DA:330,0
LF:18
LH:0
[...]
FN:24,(anonymous_0)
FN:29,(anonymous_1)
FN:34,(anonymous_2)
FN:62,(anonymous_3)
FN:75,(anonymous_4)
FN:93,(anonymous_5)
FN:111,(anonymous_6)
FNF:7
FNH:0
FNDA:0,(anonymous_0)
FNDA:0,(anonymous_1)
FNDA:0,(anonymous_2)
FNDA:0,(anonymous_3)
FNDA:0,(anonymous_4)
FNDA:0,(anonymous_5)
FNDA:0,(anonymous_6)
DA:25,0
DA:32,0
DA:34,0
DA:37,0
DA:65,0
DA:66,0
DA:75,0
DA:83,0
DA:84,0
DA:93,0
DA:102,0
DA:111,0
DA:122,0
DA:129,0
LF:14
LH:0
BRDA:65,0,0,0
BRDA:65,0,1,0
BRDA:77,1,0,0
BRDA:77,1,1,0
BRDA:83,2,0,0
BRDA:83,2,1,0
BRDA:95,3,0,0
BRDA:95,3,1,0
BRDA:113,4,0,0
BRDA:113,4,1,0
BRF:10
BRH:0
end_of_record
TN:
SF:C:\xampp\htdocs\gutenberg\wordpress\wp-content\plugins\ResponsiveBlockEditorAddons\src\settings-components\Typography Settings\index.js
FN:24,(anonymous_0)
FN:25,(anonymous_1)
FN:32,(anonymous_2)
FN:33,(anonymous_3)
FN:34,(anonymous_4)
FN:35,(anonymous_5)
FN:36,(anonymous_6)
FN:37,(anonymous_7)
FN:38,(anonymous_8)
FN:39,(anonymous_9)
FN:54,(anonymous_10)
FN:58,(anonymous_11)
FN:155,(anonymous_12)
FNF:13
FNH:0
FNDA:0,(anonymous_0)
FNDA:0,(anonymous_1)
FNDA:0,(anonymous_2)
FNDA:0,(anonymous_3)
FNDA:0,(anonymous_4)
FNDA:0,(anonymous_5)
FNDA:0,(anonymous_6)
FNDA:0,(anonymous_7)
FNDA:0,(anonymous_8)
FNDA:0,(anonymous_9)
FNDA:0,(anonymous_10)
FNDA:0,(anonymous_11)
FNDA:0,(anonymous_12)
DA:24,1
DA:25,0
DA:28,0
DA:32,0
DA:33,0
DA:34,0
DA:35,0
DA:36,0
DA:37,0
DA:38,0
DA:39,0
DA:47,0
DA:55,0
DA:61,0
DA:99,0
DA:119,0
DA:158,0
DA:159,0
DA:173,0
DA:174,0
DA:189,0
DA:205,0
DA:248,0
LF:23
LH:1
BRDA:158,0,0,0
BRDA:158,0,1,0
BRDA:173,1,0,0
BRDA:173,1,1,0
BRDA:223,2,0,0
BRDA:223,2,1,0
BRDA:234,3,0,0
BRDA:234,3,1,0
BRF:8
BRH:0
end_of_record
TN:
SF:C:\xampp\htdocs\gutenberg\wordpress\wp-content\plugins\ResponsiveBlockEditorAddons\src\utils\build.js
FN:13,(anonymous_0)
FN:24,(anonymous_1)
FN:31,(anonymous_2)
FNF:3
FNH:0
FNDA:0,(anonymous_0)
FNDA:0,(anonymous_1)
FNDA:0,(anonymous_2)
DA:7,0
DA:8,0
DA:9,0
DA:11,0
DA:13,0
DA:14,0
DA:21,0
DA:25,0
DA:26,0
DA:29,0
DA:30,0
DA:31,0
DA:32,0
DA:33,0
DA:37,0
LF:15
LH:0
BRDA:25,0,0,0
BRDA:25,0,1,0
BRDA:32,1,0,0
BRDA:32,1,1,0
BRF:4
BRH:0
end_of_record
TN:
SF:C:\xampp\htdocs\gutenberg\wordpress\wp-content\plugins\ResponsiveBlockEditorAddons\src\utils\font.js
FN:21,(anonymous_0)
FN:27,(anonymous_1)
FN:35,(anonymous_2)
FN:50,(anonymous_3)
FN:72,(anonymous_4)
FN:74,(anonymous_5)
FN:75,(anonymous_6)
FNF:7
FNH:0
FNDA:0,(anonymous_0)
FNDA:0,(anonymous_1)
FNDA:0,(anonymous_2)
FNDA:0,(anonymous_3)
FNDA:0,(anonymous_4)
FNDA:0,(anonymous_5)
FNDA:0,(anonymous_6)
DA:6,1
DA:9,1
DA:21,1
DA:22,0
DA:23,0
DA:24,0
DA:27,1
DA:28,0
DA:35,1
DA:36,0
DA:37,0
DA:39,0
DA:40,0
DA:41,0
DA:42,0
DA:43,0
DA:44,0
DA:47,0
DA:50,1
DA:52,0
DA:53,0
DA:57,0
DA:58,0
DA:59,0
DA:60,0
DA:61,0
DA:62,0
DA:64,0
DA:72,1
DA:73,0
DA:74,0
DA:76,0
DA:77,0
DA:78,0
LF:34
LH:7
BRDA:36,0,0,0
BRDA:36,0,1,0
BRDA:39,1,0,0
BRDA:39,1,1,0
BRDA:39,2,0,0
BRDA:39,2,1,0
BRDA:52,3,0,0
BRDA:52,3,1,0
BRDA:57,4,0,0
BRDA:57,4,1,0
BRDA:59,5,0,0
BRDA:59,5,1,0
BRDA:61,6,0,0
BRDA:61,6,1,0
BRDA:77,7,0,0
BRDA:77,7,1,0
BRF:16
BRH:0
end_of_record
TN:
SF:C:\xampp\htdocs\gutenberg\wordpress\wp-content\plugins\ResponsiveBlockEditorAddons\src\utils\googlefonts.js
FN:6,(anonymous_0)
FNF:1
FNH:1
FNDA:992,(anonymous_0)
DA:6,1
DA:7,992
LF:2
LH:2
BRF:0
BRH:0
end_of_record
TN:
SF:C:\xampp\htdocs\gutenberg\wordpress\wp-content\plugins\ResponsiveBlockEditorAddons\src\utils\helper.js
FN:14,overlayToClass
FN:21,(anonymous_1)
FN:27,(anonymous_2)
FN:43,(anonymous_3)
FNF:4
FNH:0
FNDA:0,overlayToClass
FNDA:0,(anonymous_1)
FNDA:0,(anonymous_2)
FNDA:0,(anonymous_3)
DA:15,0
DA:21,0
DA:22,0
DA:23,0
DA:27,0
DA:28,0
DA:30,0
DA:31,0
DA:43,0
DA:46,0
LF:10
LH:0
BRDA:15,0,0,0
BRDA:15,0,1,0
BRDA:15,1,0,0
BRDA:15,1,1,0
BRDA:24,2,0,0
BRDA:24,2,1,0
BRDA:24,2,2,0
BRDA:30,3,0,0
BRDA:30,3,1,0
BRDA:43,4,0,0
BRDA:43,4,1,0
BRF:11
BRH:0
end_of_record
TN:
SF:C:\xampp\htdocs\gutenberg\wordpress\wp-content\plugins\ResponsiveBlockEditorAddons\src\utils\icons.js
FNF:0
FNH:0
DA:9,0
DA:11,0
LF:2
LH:0
BRF:0
BRH:0
end_of_record
TN:
SF:C:\xampp\htdocs\gutenberg\wordpress\wp-content\plugins\ResponsiveBlockEditorAddons\src\utils\index.js
FN:13,(anonymous_0)
FNF:1
FNH:0
FNDA:0,(anonymous_0)
DA:13,0
DA:14,0
DA:20,0
DA:21,0
DA:28,0
DA:30,0
DA:31,0
DA:33,0
DA:34,0
DA:35,0
LF:10
LH:0
BRDA:13,0,0,0
BRDA:20,1,0,0
BRDA:20,1,1,0
BRDA:22,2,0,0
BRDA:22,2,1,0
BRDA:30,3,0,0
BRDA:30,3,1,0
BRDA:34,4,0,0
BRDA:34,4,1,0
BRF:9
BRH:0
end_of_record
TN:
SF:C:\xampp\htdocs\gutenberg\wordpress\wp-content\plugins\ResponsiveBlockEditorAddons\src\utils\uuid.js
FN:1,(anonymous_0)
FN:2,(anonymous_1)
FNF:2
FNH:0
FNDA:0,(anonymous_0)
FNDA:0,(anonymous_1)
DA:1,0
DA:2,0
DA:3,0
DA:4,0
DA:5,0
LF:5
LH:0
BRDA:4,0,0,0
BRDA:4,0,1,0
BRF:2
BRH:0
end_of_record
TN:
SF:C:\xampp\htdocs\gutenberg\wordpress\wp-content\plugins\ResponsiveBlockEditorAddons\src\utils\components\block-gallery\gallery-image.js
FN:19,(anonymous_0)
FN:35,(anonymous_1)
FN:39,(anonymous_2)
FN:51,(anonymous_3)
FN:64,(anonymous_4)
FN:76,(anonymous_5)
FN:80,(anonymous_6)
FN:103,(anonymous_7)
FN:238,(anonymous_8)
FN:243,(anonymous_9)
FN:266,(anonymous_10)
FN:278,(anonymous_11)
FNF:12
FNH:0
FNDA:0,(anonymous_0)
FNDA:0,(anonymous_1)
FNDA:0,(anonymous_2)
FNDA:0,(anonymous_3)
FNDA:0,(anonymous_4)
FNDA:0,(anonymous_5)
FNDA:0,(anonymous_6)
FNDA:0,(anonymous_7)
FNDA:0,(anonymous_8)
FNDA:0,(anonymous_9)
FNDA:0,(anonymous_10)
FNDA:0,(anonymous_11)
DA:20,0
DA:22,0
DA:23,0
DA:24,0
DA:25,0
DA:26,0
DA:28,0
DA:36,0
DA:40,0
DA:41,0
DA:46,0
DA:47,0
DA:52,0
DA:53,0
DA:56,0
DA:57,0
DA:65,0
DA:70,0
DA:71,0
DA:72,0
DA:77,0
DA:81,0
DA:82,0
DA:83,0
DA:91,0
DA:92,0
DA:98,0
DA:99,0
DA:134,0
DA:136,0
DA:147,0
DA:164,0
DA:168,0
DA:185,0
DA:190,0
DA:238,0
DA:243,0
DA:266,0
DA:279,0
DA:280,0
DA:282,0
LF:41
LH:0
BRDA:40,0,0,0
BRDA:40,0,1,0
BRDA:46,1,0,0
BRDA:46,1,1,0
BRDA:52,2,0,0
BRDA:52,2,1,0
BRDA:56,3,0,0
BRDA:56,3,1,0
BRDA:65,4,0,0
BRDA:65,4,1,0
BRDA:66,5,0,0
BRDA:66,5,1,0
BRDA:66,5,2,0
BRDA:82,6,0,0
BRDA:82,6,1,0
BRDA:82,7,0,0
BRDA:82,7,1,0
BRDA:91,8,0,0
BRDA:91,8,1,0
BRDA:91,9,0,0
BRDA:91,9,1,0
BRDA:91,9,2,0
BRDA:98,10,0,0
BRDA:98,10,1,0
BRDA:98,11,0,0
BRDA:98,11,1,0
BRDA:98,11,2,0
BRDA:128,12,0,0
BRDA:129,13,0,0
BRDA:137,14,0,0
BRDA:137,14,1,0
BRDA:159,15,0,0
BRDA:159,15,1,0
BRDA:164,16,0,0
BRDA:164,16,1,0
BRDA:170,17,0,0
BRDA:170,17,1,0
BRDA:172,18,0,0
BRDA:172,18,1,0
BRDA:173,19,0,0
BRDA:173,19,1,0
BRDA:174,20,0,0
BRDA:174,20,1,0
BRDA:176,21,0,0
BRDA:176,21,1,0
BRDA:177,22,0,0
BRDA:177,22,1,0
BRDA:179,23,0,0
BRDA:179,23,1,0
BRDA:180,24,0,0
BRDA:180,24,1,0
BRDA:182,25,0,0
BRDA:182,25,1,0
BRDA:186,26,0,0
BRDA:186,26,1,0
BRDA:197,27,0,0
BRDA:197,27,1,0
BRDA:200,28,0,0
BRDA:200,28,1,0
BRDA:203,29,0,0
BRDA:203,29,1,0
BRDA:204,30,0,0
BRDA:204,30,1,0
BRDA:214,31,0,0
BRDA:214,31,1,0
BRDA:215,32,0,0
BRDA:215,32,1,0
BRDA:235,33,0,0
BRDA:235,33,1,0
BRDA:235,33,2,0
BRDA:246,34,0,0
BRDA:246,34,1,0
BRDA:247,35,0,0
BRDA:247,35,1,0
BRDA:256,36,0,0
BRDA:256,36,1,0
BRDA:256,37,0,0
BRDA:256,37,1,0
BRDA:256,37,2,0
BRDA:256,37,3,0
BRDA:283,38,0,0
BRDA:283,38,1,0
BRF:82
BRH:0
end_of_record
TN:
SF:C:\xampp\htdocs\gutenberg\wordpress\wp-content\plugins\ResponsiveBlockEditorAddons\src\utils\components\block-gallery\gallery-link-settings.js
FN:19,(anonymous_0)
FN:26,(anonymous_1)
FN:30,(anonymous_2)
FN:34,(anonymous_3)
FN:51,(anonymous_4)
FN:83,(anonymous_5)
FNF:6
FNH:0
FNDA:0,(anonymous_0)
FNDA:0,(anonymous_1)
FNDA:0,(anonymous_2)
FNDA:0,(anonymous_3)
FNDA:0,(anonymous_4)
FNDA:0,(anonymous_5)
DA:20,0
DA:21,0
DA:22,0
DA:23,0
DA:27,0
DA:31,0
DA:35,0
DA:36,0
DA:38,0
DA:39,0
DA:40,0
DA:41,0
DA:42,0
DA:45,0
DA:52,0
DA:54,0
DA:56,0
DA:83,0
LF:18
LH:0
BRDA:36,0,0,0
BRDA:36,0,1,0
BRDA:39,1,0,0
BRDA:39,1,1,0
BRDA:39,2,0,0
BRDA:39,2,1,0
BRDA:41,3,0,0
BRDA:41,3,1,0
BRDA:41,4,0,0
BRDA:41,4,1,0
BRDA:58,5,0,0
BRDA:58,5,1,0
BRDA:69,6,0,0
BRDA:69,6,1,0
BRF:14
BRH:0
end_of_record
TN:
SF:C:\xampp\htdocs\gutenberg\wordpress\wp-content\plugins\ResponsiveBlockEditorAddons\src\utils\components\block-gallery\gallery-placeholder.js
FN:21,(anonymous_0)
FN:32,(anonymous_1)
FN:57,(anonymous_2)
FN:82,(anonymous_3)
FN:87,(anonymous_4)
FN:91,(anonymous_5)
FN:97,(anonymous_6)
FN:105,(anonymous_7)
FN:111,(anonymous_8)
FN:114,(anonymous_9)
FN:115,(anonymous_10)
FN:116,(anonymous_11)
FN:125,(anonymous_12)
FNF:13
FNH:0
FNDA:0,(anonymous_0)
FNDA:0,(anonymous_1)
FNDA:0,(anonymous_2)
FNDA:0,(anonymous_3)
FNDA:0,(anonymous_4)
FNDA:0,(anonymous_5)
FNDA:0,(anonymous_6)
FNDA:0,(anonymous_7)
FNDA:0,(anonymous_8)
FNDA:0,(anonymous_9)
FNDA:0,(anonymous_10)
FNDA:0,(anonymous_11)
FNDA:0,(anonymous_12)
DA:22,0
DA:23,0
DA:24,0
DA:26,0
DA:33,0
DA:34,0
DA:37,0
DA:40,0
DA:44,0
DA:45,0
DA:48,0
DA:50,0
DA:51,0
DA:54,0
DA:58,0
DA:59,0
DA:62,0
DA:65,0
DA:69,0
DA:70,0
DA:73,0
DA:75,0
DA:76,0
DA:79,0
DA:83,0
DA:84,0
DA:86,0
DA:87,0
DA:91,0
DA:96,0
DA:97,0
DA:106,0
DA:107,0
DA:108,0
DA:112,0
DA:113,0
DA:114,0
DA:115,0
DA:116,0
DA:117,0
DA:126,0
DA:128,0
DA:130,0
DA:132,0
DA:136,0
LF:45
LH:0
BRDA:33,0,0,0
BRDA:33,0,1,0
BRDA:37,1,0,0
BRDA:37,1,1,0
BRDA:40,2,0,0
BRDA:40,2,1,0
BRDA:44,3,0,0
BRDA:44,3,1,0
BRDA:50,4,0,0
BRDA:50,4,1,0
BRDA:50,5,0,0
BRDA:50,5,1,0
BRDA:58,6,0,0
BRDA:58,6,1,0
BRDA:62,7,0,0
BRDA:62,7,1,0
BRDA:65,8,0,0
BRDA:65,8,1,0
BRDA:69,9,0,0
BRDA:69,9,1,0
BRDA:75,10,0,0
BRDA:75,10,1,0
BRDA:75,11,0,0
BRDA:75,11,1,0
BRDA:114,12,0,0
BRDA:114,12,1,0
BRDA:142,13,0,0
BRDA:142,13,1,0
BRDA:143,14,0,0
BRDA:143,14,1,0
BRDA:146,15,0,0
BRDA:146,15,1,0
BRDA:153,16,0,0
BRDA:153,16,1,0
BRDA:163,17,0,0
BRDA:163,17,1,0
BRF:36
BRH:0
end_of_record
TN:
SF:C:\xampp\htdocs\gutenberg\wordpress\wp-content\plugins\ResponsiveBlockEditorAddons\src\utils\components\block-gallery\options\caption-options.js
FNF:0
FNH:0
DA:9,0
LF:1
LH:0
BRF:0
BRH:0
end_of_record
TN:
SF:C:\xampp\htdocs\gutenberg\wordpress\wp-content\plugins\ResponsiveBlockEditorAddons\src\utils\components\block-gallery\options\link-options.js
FNF:0
FNH:0
DA:9,0
LF:1
LH:0
BRF:0
BRH:0
end_of_record
TN:
SF:C:\xampp\htdocs\gutenberg\wordpress\wp-content\plugins\ResponsiveBlockEditorAddons\src\utils\components\block-gallery\shared\attributes.js
FNF:0
FNH:0
DA:6,0
LF:1
LH:0
BRF:0
BRH:0
end_of_record
TN:
SF:C:\xampp\htdocs\gutenberg\wordpress\wp-content\plugins\ResponsiveBlockEditorAddons\src\utils\components\block-gallery\shared\classes.js
FN:7,GalleryClasses
FNF:1
FNH:0
FNDA:0,GalleryClasses
DA:8,0
DA:10,0
LF:2
LH:0
BRF:0
BRH:0
end_of_record
TN:
SF:C:\xampp\htdocs\gutenberg\wordpress\wp-content\plugins\ResponsiveBlockEditorAddons\src\utils\components\block-gallery\shared\index.js
FNF:0
FNH:0
LF:0
LH:0
BRF:0
BRH:0
end_of_record
TN:
SF:C:\xampp\htdocs\gutenberg\wordpress\wp-content\plugins\ResponsiveBlockEditorAddons\src\utils\components\block-gallery\shared\styles.js
FN:12,GalleryStyles
FNF:1
FNH:0
FNDA:0,GalleryStyles
DA:13,0
DA:15,0
DA:19,0
LF:3
LH:0
BRDA:16,0,0,0
BRDA:16,0,1,0
BRF:2
BRH:0
end_of_record
TN:
SF:C:\xampp\htdocs\gutenberg\wordpress\wp-content\plugins\ResponsiveBlockEditorAddons\src\utils\components\box-shadow\index.js
FN:15,(anonymous_0)
FN:20,(anonymous_1)
FN:34,(anonymous_2)
FN:44,(anonymous_3)
FN:73,(anonymous_4)
FN:85,(anonymous_5)
FN:99,(anonymous_6)
FN:113,(anonymous_7)
FN:127,(anonymous_8)
FN:141,(anonymous_9)
FNF:10
FNH:0
FNDA:0,(anonymous_0)
FNDA:0,(anonymous_1)
FNDA:0,(anonymous_2)
FNDA:0,(anonymous_3)
FNDA:0,(anonymous_4)
FNDA:0,(anonymous_5)
FNDA:0,(anonymous_6)
FNDA:0,(anonymous_7)
FNDA:0,(anonymous_8)
FNDA:0,(anonymous_9)
DA:5,0
DA:7,0
DA:9,0
DA:12,0
DA:16,0
DA:17,0
DA:18,0
DA:21,0
DA:22,0
DA:24,0
DA:25,0
DA:26,0
DA:29,0
DA:35,0
DA:37,0
DA:38,0
DA:39,0
DA:40,0
DA:41,0
DA:42,0
DA:53,0
DA:58,0
DA:59,0
DA:74,0
DA:86,0
DA:100,0
DA:114,0
DA:128,0
DA:141,0
DA:151,0
DA:162,0
DA:173,0
LF:32
LH:0
BRDA:24,0,0,0
BRDA:24,0,1,0
BRDA:24,1,0,0
BRDA:24,1,1,0
BRDA:58,2,0,0
BRDA:58,2,1,0
BRDA:58,3,0,0
BRDA:58,3,1,0
BRDA:75,4,0,0
BRDA:75,4,1,0
BRDA:87,5,0,0
BRDA:87,5,1,0
BRDA:101,6,0,0
BRDA:101,6,1,0
BRDA:115,7,0,0
BRDA:115,7,1,0
BRDA:129,8,0,0
BRDA:129,8,1,0
BRF:18
BRH:0
end_of_record
TN:
SF:C:\xampp\htdocs\gutenberg\wordpress\wp-content\plugins\ResponsiveBlockEditorAddons\src\utils\components\box-shadow-helper\index.js
FN:17,(anonymous_0)
FN:22,(anonymous_1)
FN:36,(anonymous_2)
FN:38,(anonymous_3)
FN:62,(anonymous_4)
FN:73,(anonymous_5)
FN:97,(anonymous_6)
FN:110,(anonymous_7)
FN:125,(anonymous_8)
FN:140,(anonymous_9)
FN:155,(anonymous_10)
FN:170,(anonymous_11)
FNF:12
FNH:0
FNDA:0,(anonymous_0)
FNDA:0,(anonymous_1)
FNDA:0,(anonymous_2)
FNDA:0,(anonymous_3)
FNDA:0,(anonymous_4)
FNDA:0,(anonymous_5)
FNDA:0,(anonymous_6)
FNDA:0,(anonymous_7)
FNDA:0,(anonymous_8)
FNDA:0,(anonymous_9)
FNDA:0,(anonymous_10)
FNDA:0,(anonymous_11)
DA:7,0
DA:9,0
DA:11,0
DA:14,0
DA:18,0
DA:19,0
DA:20,0
DA:23,0
DA:24,0
DA:26,0
DA:27,0
DA:28,0
DA:31,0
DA:37,0
DA:38,0
DA:39,0
DA:40,0
DA:43,0
DA:46,0
DA:49,0
DA:52,0
DA:55,0
DA:58,0
DA:71,0
DA:73,0
DA:74,0
DA:79,0
DA:80,0
DA:98,0
DA:111,0
DA:126,0
DA:141,0
DA:156,0
DA:171,0
DA:182,0
DA:193,0
DA:204,0
LF:37
LH:0
BRDA:26,0,0,0
BRDA:26,0,1,0
BRDA:26,1,0,0
BRDA:26,1,1,0
BRDA:79,2,0,0
BRDA:79,2,1,0
BRDA:79,3,0,0
BRDA:79,3,1,0
BRDA:100,4,0,0
BRDA:100,4,1,0
BRDA:113,5,0,0
BRDA:113,5,1,0
BRDA:128,6,0,0
BRDA:128,6,1,0
BRDA:143,7,0,0
BRDA:143,7,1,0
BRDA:158,8,0,0
BRDA:158,8,1,0
BRF:18
BRH:0
end_of_record
TN:
SF:C:\xampp\htdocs\gutenberg\wordpress\wp-content\plugins\ResponsiveBlockEditorAddons\src\utils\components\data-providers\currentUserData.js
FN:1,getCurrentUserData
FNF:1
FNH:0
FNDA:0,getCurrentUserData
DA:2,0
LF:1
LH:0
BRF:0
BRH:0
end_of_record
TN:
SF:C:\xampp\htdocs\gutenberg\wordpress\wp-content\plugins\ResponsiveBlockEditorAddons\src\utils\components\icons\index.js
FNF:0
FNH:0
DA:1,0
DA:3,0
LF:2
LH:0
BRF:0
BRH:0
end_of_record
TN:
SF:C:\xampp\htdocs\gutenberg\wordpress\wp-content\plugins\ResponsiveBlockEditorAddons\src\utils\components\inline-color-picker\index.js
FN:12,InlineColorPicker
FN:30,(anonymous_1)
FN:43,(anonymous_2)
FN:46,(anonymous_3)
FNF:4
FNH:0
FNDA:0,InlineColorPicker
FNDA:0,(anonymous_1)
FNDA:0,(anonymous_2)
FNDA:0,(anonymous_3)
DA:18,0
DA:23,0
DA:31,0
DA:44,0
DA:46,0
LF:5
LH:0
BRDA:13,0,0,0
BRDA:26,1,0,0
BRDA:26,1,1,0
BRF:3
BRH:0
end_of_record
TN:
SF:C:\xampp\htdocs\gutenberg\wordpress\wp-content\plugins\ResponsiveBlockEditorAddons\src\utils\components\responsive-base-control\attributes.js
FNF:0
FNH:0
DA:6,0
LF:1
LH:0
BRF:0
BRH:0
end_of_record
TN:
SF:C:\xampp\htdocs\gutenberg\wordpress\wp-content\plugins\ResponsiveBlockEditorAddons\src\utils\components\responsive-base-control\icons.js
FNF:0
FNH:0
DA:9,0
DA:11,0
DA:26,0
DA:41,0
DA:56,0
LF:5
LH:0
BRF:0
BRH:0
end_of_record
TN:
SF:C:\xampp\htdocs\gutenberg\wordpress\wp-content\plugins\ResponsiveBlockEditorAddons\src\utils\components\responsive-base-control\index.js
FN:20,(anonymous_0)
FN:26,(anonymous_1)
FN:83,(anonymous_2)
FN:97,(anonymous_3)
FN:175,(anonymous_4)
FN:183,(anonymous_5)
FN:203,(anonymous_6)
FN:223,(anonymous_7)
FNF:8
FNH:0
FNDA:0,(anonymous_0)
FNDA:0,(anonymous_1)
FNDA:0,(anonymous_2)
FNDA:0,(anonymous_3)
FNDA:0,(anonymous_4)
FNDA:0,(anonymous_5)
FNDA:0,(anonymous_6)
FNDA:0,(anonymous_7)
DA:21,0
DA:23,0
DA:27,0
DA:28,0
DA:31,0
DA:33,0
DA:40,0
DA:43,0
DA:49,0
DA:56,0
DA:58,0
DA:63,0
DA:64,0
DA:65,0
DA:66,0
DA:67,0
DA:70,0
DA:73,0
DA:95,0
DA:97,0
DA:98,0
DA:100,0
DA:102,0
DA:103,0
DA:105,0
DA:106,0
DA:108,0
DA:109,0
DA:111,0
DA:115,0
DA:119,0
DA:120,0
DA:122,0
DA:123,0
DA:126,0
DA:128,0
DA:131,0
DA:135,0
DA:142,0
DA:176,0
DA:177,0
DA:184,0
DA:185,0
DA:196,0
DA:197,0
DA:204,0
DA:205,0
DA:217,0
DA:224,0
DA:225,0
LF:50
LH:0
BRDA:33,0,0,0
BRDA:33,0,1,0
BRDA:34,1,0,0
BRDA:34,1,1,0
BRDA:49,2,0,0
BRDA:49,2,1,0
BRDA:50,3,0,0
BRDA:50,3,1,0
BRDA:50,3,2,0
BRDA:63,4,0,0
BRDA:63,4,1,0
BRDA:66,5,0,0
BRDA:66,5,1,0
BRDA:85,6,0,0
BRDA:92,7,0,0
BRDA:93,8,0,0
BRDA:94,9,0,0
BRDA:100,10,0,0
BRDA:100,10,1,0
BRDA:100,10,2,0
BRDA:100,10,3,0
BRDA:122,11,0,0
BRDA:122,11,1,0
BRDA:176,12,0,0
BRDA:176,12,1,0
BRDA:187,13,0,0
BRDA:187,13,1,0
BRDA:196,14,0,0
BRDA:196,14,1,0
BRDA:207,15,0,0
BRDA:207,15,1,0
BRDA:227,16,0,0
BRDA:227,16,1,0
BRF:33
BRH:0
end_of_record
TN:
SF:C:\xampp\htdocs\gutenberg\wordpress\wp-content\plugins\ResponsiveBlockEditorAddons\src\utils\components\responsive-tabs-control\icons.js
FNF:0
FNH:0
DA:9,0
DA:11,0
DA:29,0
LF:3
LH:0
BRF:0
BRH:0
end_of_record
TN:
SF:C:\xampp\htdocs\gutenberg\wordpress\wp-content\plugins\ResponsiveBlockEditorAddons\src\utils\components\responsive-tabs-control\index.js
FN:14,(anonymous_0)
FN:20,(anonymous_1)
FN:24,(anonymous_2)
FN:28,(anonymous_3)
FN:60,(anonymous_4)
FN:70,(anonymous_5)
FN:81,(anonymous_6)
FNF:7
FNH:0
FNDA:0,(anonymous_0)
FNDA:0,(anonymous_1)
FNDA:0,(anonymous_2)
FNDA:0,(anonymous_3)
FNDA:0,(anonymous_4)
FNDA:0,(anonymous_5)
FNDA:0,(anonymous_6)
DA:15,0
DA:16,0
DA:17,0
DA:21,0
DA:25,0
DA:37,0
DA:39,0
DA:61,0
DA:62,0
DA:70,0
DA:77,0
DA:81,0
LF:12
LH:0
BRDA:31,0,0,0
BRDA:32,1,0,0
BRDA:33,2,0,0
BRDA:34,3,0,0
BRDA:35,4,0,0
BRDA:36,5,0,0
BRDA:61,6,0,0
BRDA:61,6,1,0
BRF:8
BRH:0
end_of_record
TN:
SF:C:\xampp\htdocs\gutenberg\wordpress\wp-content\plugins\ResponsiveBlockEditorAddons\src\utils\components\size-control\index.js
FN:21,(anonymous_0)
FN:26,(anonymous_1)
FN:39,(anonymous_2)
FN:173,(anonymous_3)
FN:189,(anonymous_4)
FN:196,(anonymous_5)
FN:203,(anonymous_6)
FN:214,(anonymous_7)
FNF:8
FNH:0
FNDA:0,(anonymous_0)
FNDA:0,(anonymous_1)
FNDA:0,(anonymous_2)
FNDA:0,(anonymous_3)
FNDA:0,(anonymous_4)
FNDA:0,(anonymous_5)
FNDA:0,(anonymous_6)
FNDA:0,(anonymous_7)
DA:22,0
DA:23,0
DA:27,0
DA:30,0
DA:31,0
DA:32,0
DA:40,0
DA:41,0
DA:43,0
DA:62,0
DA:79,0
DA:86,0
DA:94,0
DA:95,0
DA:114,0
DA:118,0
DA:119,0
DA:138,0
DA:145,0
DA:152,0
DA:153,0
DA:154,0
DA:155,0
DA:157,0
DA:161,0
DA:162,0
DA:165,0
DA:166,0
DA:167,0
DA:168,0
DA:170,0
DA:180,0
DA:182,0
DA:190,0
DA:196,0
DA:203,0
DA:214,0
LF:37
LH:0
BRDA:30,0,0,0
BRDA:30,0,1,0
BRDA:31,1,0,0
BRDA:31,1,1,0
BRDA:31,2,0,0
BRDA:31,2,1,0
BRDA:65,3,0,0
BRDA:65,3,1,0
BRDA:65,4,0,0
BRDA:65,4,1,0
BRDA:65,4,2,0
BRDA:72,5,0,0
BRDA:72,5,1,0
BRDA:72,6,0,0
BRDA:72,6,1,0
BRDA:72,6,2,0
BRDA:94,7,0,0
BRDA:94,7,1,0
BRDA:118,8,0,0
BRDA:118,8,1,0
BRDA:122,9,0,0
BRDA:122,9,1,0
BRDA:122,10,0,0
BRDA:122,10,1,0
BRDA:122,10,2,0
BRDA:130,11,0,0
BRDA:130,11,1,0
BRDA:130,12,0,0
BRDA:130,12,1,0
BRDA:130,12,2,0
BRDA:152,13,0,0
BRDA:152,13,1,0
BRDA:154,14,0,0
BRDA:154,14,1,0
BRDA:161,15,0,0
BRDA:161,15,1,0
BRDA:165,16,0,0
BRDA:165,16,1,0
BRDA:165,17,0,0
BRDA:165,17,1,0
BRDA:167,18,0,0
BRDA:167,18,1,0
BRDA:167,19,0,0
BRDA:167,19,1,0
BRDA:177,20,0,0
BRDA:179,21,0,0
BRDA:202,22,0,0
BRDA:202,22,1,0
BRF:48
BRH:0
end_of_record
TN:
SF:C:\xampp\htdocs\gutenberg\wordpress\wp-content\plugins\ResponsiveBlockEditorAddons\src\utils\components\slider-panel\autoplay-options.js
FNF:0
FNH:0
DA:9,0
LF:1
LH:0
BRF:0
BRH:0
end_of_record
TN:
SF:C:\xampp\htdocs\gutenberg\wordpress\wp-content\plugins\ResponsiveBlockEditorAddons\src\utils\components\slider-panel\index.js
FN:14,(anonymous_0)
FN:19,(anonymous_1)
FN:34,(anonymous_2)
FN:40,(anonymous_3)
FN:46,(anonymous_4)
FN:52,(anonymous_5)
FN:57,(anonymous_6)
FN:63,(anonymous_7)
FN:69,(anonymous_8)
FN:89,(anonymous_9)
FN:97,(anonymous_10)
FN:104,(anonymous_11)
FN:112,(anonymous_12)
FN:119,(anonymous_13)
FN:126,(anonymous_14)
FN:134,(anonymous_15)
FN:140,(anonymous_16)
FNF:17
FNH:0
FNDA:0,(anonymous_0)
FNDA:0,(anonymous_1)
FNDA:0,(anonymous_2)
FNDA:0,(anonymous_3)
FNDA:0,(anonymous_4)
FNDA:0,(anonymous_5)
FNDA:0,(anonymous_6)
FNDA:0,(anonymous_7)
FNDA:0,(anonymous_8)
FNDA:0,(anonymous_9)
FNDA:0,(anonymous_10)
FNDA:0,(anonymous_11)
FNDA:0,(anonymous_12)
FNDA:0,(anonymous_13)
FNDA:0,(anonymous_14)
FNDA:0,(anonymous_15)
FNDA:0,(anonymous_16)
DA:15,0
DA:16,0
DA:21,0
DA:22,0
DA:24,0
DA:35,0
DA:41,0
DA:47,0
DA:53,0
DA:58,0
DA:64,0
DA:70,0
DA:81,0
DA:83,0
DA:89,0
DA:97,0
DA:104,0
DA:112,0
DA:119,0
DA:127,0
DA:134,0
DA:140,0
LF:22
LH:0
BRDA:22,0,0,0
BRDA:22,0,1,0
BRDA:24,1,0,0
BRDA:24,1,1,0
BRDA:35,2,0,0
BRDA:35,2,1,0
BRDA:41,3,0,0
BRDA:41,3,1,0
BRDA:47,4,0,0
BRDA:47,4,1,0
BRDA:53,5,0,0
BRDA:53,5,1,0
BRDA:58,6,0,0
BRDA:58,6,1,0
BRDA:64,7,0,0
BRDA:64,7,1,0
BRDA:92,8,0,0
BRDA:92,8,1,0
BRDA:115,9,0,0
BRDA:115,9,1,0
BRF:20
BRH:0
end_of_record
